#
# There is insufficient memory for the Java Runtime Environment to continue.
# Native memory allocation (mmap) failed to map 16781312 bytes for committing reserved memory.
# Possible reasons:
#   The system is out of physical RAM or swap space
#   In 32 bit mode, the process size limit was hit
# Possible solutions:
#   Reduce memory load on the system
#   Increase physical memory or swap space
#   Check if swap backing store is full
#   Use 64 bit Java on a 64 bit OS
#   Decrease Java heap size (-Xmx/-Xms)
#   Decrease number of Java threads
#   Decrease Java thread stack sizes (-Xss)
#   Set larger code cache with -XX:ReservedCodeCacheSize=
# This output file may be truncated or incomplete.
#
#  Out of Memory Error (os_linux.cpp:2643), pid=24009, tid=0x00007fc2936d9700
#
# JRE version: OpenJDK Runtime Environment (8.0_181-b13) (build 1.8.0_181-8u181-b13-0ubuntu0.16.04.1-b13)
# Java VM: OpenJDK 64-Bit Server VM (25.181-b13 mixed mode linux-amd64 compressed oops)
# Failed to write core dump. Core dumps have been disabled. To enable core dumping, try "ulimit -c unlimited" before starting Java again
#

---------------  T H R E A D  ---------------

Current thread (0x00007fc2a4075800):  VMThread [stack: 0x00007fc2935d9000,0x00007fc2936da000] [id=24023]

Stack: [0x00007fc2935d9000,0x00007fc2936da000],  sp=0x00007fc2936d8750,  free space=1021k
Native frames: (J=compiled Java code, j=interpreted, Vv=VM code, C=native code)
V  [libjvm.so+0xa70edb]
V  [libjvm.so+0x4c893c]
V  [libjvm.so+0x8bda08]
V  [libjvm.so+0x8b7d9e]
V  [libjvm.so+0xa6d7c4]
V  [libjvm.so+0x5cdd5d]
V  [libjvm.so+0x5cecbc]
V  [libjvm.so+0x4500ba]
V  [libjvm.so+0x4502cb]
V  [libjvm.so+0xa71fe1]
V  [libjvm.so+0xa77d27]
V  [libjvm.so+0xa75427]
V  [libjvm.so+0xa768af]
V  [libjvm.so+0xa76da1]
V  [libjvm.so+0x8bae12]

VM_Operation (0x00007fc26ece5950): GenCollectForAllocation, mode: safepoint, requested by thread 0x00007fc28402b800


---------------  P R O C E S S  ---------------

Java Threads: ( => current thread )
  0x00007fc28c112000 JavaThread "task-result-getter-3" daemon [_thread_blocked, id=24086, stack(0x00007fc26c881000,0x00007fc26c982000)]
  0x00007fc28c0d5000 JavaThread "task-result-getter-2" daemon [_thread_blocked, id=24085, stack(0x00007fc26db82000,0x00007fc26dc83000)]
  0x00007fc27c006000 JavaThread "block-manager-slave-async-thread-pool-2" daemon [_thread_blocked, id=24084, stack(0x00007fc26dc83000,0x00007fc26dd84000)]
  0x00007fc27c004800 JavaThread "block-manager-slave-async-thread-pool-1" daemon [_thread_blocked, id=24083, stack(0x00007fc26dd84000,0x00007fc26de85000)]
  0x00007fc28403d000 JavaThread "block-manager-ask-thread-pool-0" daemon [_thread_blocked, id=24082, stack(0x00007fc26de85000,0x00007fc26df86000)]
  0x00007fc28c0c5000 JavaThread "block-manager-slave-async-thread-pool-0" daemon [_thread_blocked, id=24081, stack(0x00007fc26df86000,0x00007fc26e087000)]
  0x00007fc28c0c2000 JavaThread "task-result-getter-1" daemon [_thread_blocked, id=24080, stack(0x00007fc26e087000,0x00007fc26e188000)]
  0x00007fc28402e000 JavaThread "task-result-getter-0" daemon [_thread_blocked, id=24079, stack(0x00007fc26e388000,0x00007fc26e489000)]
  0x00007fc28402b800 JavaThread "Executor task launch worker for task 5" daemon [_thread_blocked, id=24078, stack(0x00007fc26ebe7000,0x00007fc26ece8000)]
  0x00007fc2808c3800 JavaThread "org.apache.hadoop.fs.FileSystem$Statistics$StatisticsDataReferenceCleaner" daemon [_thread_blocked, id=24077, stack(0x00007fc26ea96000,0x00007fc26eb97000)]
  0x00007fc280aec800 JavaThread "SparkListenerBus" daemon [_thread_blocked, id=24075, stack(0x00007fc26f2e8000,0x00007fc26f3e9000)]
  0x00007fc280ae9000 JavaThread "context-cleaner-periodic-gc" daemon [_thread_blocked, id=24074, stack(0x00007fc26f3e9000,0x00007fc26f4ea000)]
  0x00007fc280ae7000 JavaThread "Spark Context Cleaner" daemon [_thread_blocked, id=24073, stack(0x00007fc26f4ea000,0x00007fc26f5eb000)]
  0x00007fc28077a800 JavaThread "shuffle-server-5-1" daemon [_thread_in_native, id=24072, stack(0x00007fc26f7eb000,0x00007fc26f8ec000)]
  0x00007fc280778800 JavaThread "driver-heartbeater" daemon [_thread_blocked, id=24071, stack(0x00007fc26f8ec000,0x00007fc26f9ed000)]
  0x00007fc28077e800 JavaThread "dag-scheduler-event-loop" daemon [_thread_blocked, id=24070, stack(0x00007fc26f9ed000,0x00007fc26faee000)]
  0x00000000008b7000 JavaThread "netty-rpc-env-timeout" daemon [_thread_blocked, id=24069, stack(0x00007fc26faee000,0x00007fc26fbef000)]
  0x00007fc280933800 JavaThread "Timer-0" daemon [_thread_blocked, id=24068, stack(0x00007fc26fbef000,0x00007fc26fcf0000)]
  0x00007fc28c06c800 JavaThread "heartbeat-receiver-event-loop-thread" daemon [_thread_blocked, id=24067, stack(0x00007fc26fdf1000,0x00007fc26fef2000)]
  0x00007fc280927800 JavaThread "SparkUI-46" daemon [_thread_blocked, id=24066, stack(0x00007fc26fcf0000,0x00007fc26fdf1000)]
  0x00007fc280926800 JavaThread "SparkUI-45" daemon [_thread_blocked, id=24065, stack(0x00007fc2704f8000,0x00007fc2705f9000)]
  0x00007fc280688000 JavaThread "SparkUI-44" daemon [_thread_blocked, id=24064, stack(0x00007fc2703f7000,0x00007fc2704f8000)]
  0x00007fc280687800 JavaThread "SparkUI-43" daemon [_thread_blocked, id=24063, stack(0x00007fc2702f6000,0x00007fc2703f7000)]
  0x00007fc280939000 JavaThread "SparkUI-42" daemon [_thread_blocked, id=24062, stack(0x00007fc2701f5000,0x00007fc2702f6000)]
  0x00007fc28068a000 JavaThread "SparkUI-41" daemon [_thread_blocked, id=24061, stack(0x00007fc2700f4000,0x00007fc2701f5000)]
  0x00007fc28068c000 JavaThread "SparkUI-40-acceptor-0@23c24604-Spark@2d05bc0c{HTTP/1.1}{0.0.0.0:4041}" daemon [_thread_in_native, id=24060, stack(0x00007fc26fff3000,0x00007fc2700f4000)]
  0x00007fc280935000 JavaThread "SparkUI-39-selector-ServerConnectorManager@3c7f3c87/0" daemon [_thread_in_native, id=24059, stack(0x00007fc26fef2000,0x00007fc26fff3000)]
  0x00007fc280665000 JavaThread "refresh progress" daemon [_thread_blocked, id=24048, stack(0x00007fc2707f9000,0x00007fc2708fa000)]
  0x00007fc280549000 JavaThread "map-output-dispatcher-7" daemon [_thread_blocked, id=24047, stack(0x00007fc270afa000,0x00007fc270bfb000)]
  0x00007fc280547800 JavaThread "map-output-dispatcher-6" daemon [_thread_blocked, id=24046, stack(0x00007fc270bfb000,0x00007fc270cfc000)]
  0x00007fc280545800 JavaThread "map-output-dispatcher-5" daemon [_thread_blocked, id=24045, stack(0x00007fc270cfc000,0x00007fc270dfd000)]
  0x00007fc280544000 JavaThread "map-output-dispatcher-4" daemon [_thread_blocked, id=24044, stack(0x00007fc270dfd000,0x00007fc270efe000)]
  0x00007fc280542000 JavaThread "map-output-dispatcher-3" daemon [_thread_blocked, id=24043, stack(0x00007fc270efe000,0x00007fc270fff000)]
  0x00007fc2805db800 JavaThread "map-output-dispatcher-2" daemon [_thread_blocked, id=24042, stack(0x00007fc290063000,0x00007fc290164000)]
  0x00007fc2805da000 JavaThread "map-output-dispatcher-1" daemon [_thread_blocked, id=24041, stack(0x00007fc290164000,0x00007fc290265000)]
  0x00007fc2805d9000 JavaThread "map-output-dispatcher-0" daemon [_thread_blocked, id=24040, stack(0x00007fc290265000,0x00007fc290366000)]
  0x00007fc2805c1000 JavaThread "rpc-server-3-1" daemon [_thread_in_native, id=24039, stack(0x00007fc290366000,0x00007fc290467000)]
  0x00007fc28053e000 JavaThread "dispatcher-event-loop-1" daemon [_thread_blocked, id=24038, stack(0x00007fc29087a000,0x00007fc29097b000)]
  0x00007fc280514000 JavaThread "dispatcher-event-loop-0" daemon [_thread_blocked, id=24037, stack(0x00007fc29119f000,0x00007fc2912a0000)]
  0x00007fc280325000 JavaThread "process reaper" daemon [_thread_blocked, id=24035, stack(0x00007fc2912a0000,0x00007fc2912d9000)]
  0x00007fc274472000 JavaThread "Thread-2" [_thread_blocked, id=24033, stack(0x00007fc2918e3000,0x00007fc2919e4000)]
  0x00007fc2a4dc5800 JavaThread "Thread-1" [_thread_in_native, id=24032, stack(0x00007fc2919e4000,0x00007fc291ae5000)]
  0x00007fc2a4db6000 JavaThread "pool-1-thread-1" [_thread_blocked, id=24031, stack(0x00007fc291ae5000,0x00007fc291be6000)]
  0x00007fc2a40bb000 JavaThread "Service Thread" daemon [_thread_blocked, id=24029, stack(0x00007fc292e3b000,0x00007fc292f3c000)]
  0x00007fc2a40b7800 JavaThread "C1 CompilerThread1" daemon [_thread_blocked, id=24028, stack(0x00007fc292f3c000,0x00007fc29303d000)]
  0x00007fc2a40b5800 JavaThread "C2 CompilerThread0" daemon [_thread_blocked, id=24027, stack(0x00007fc29303d000,0x00007fc29313e000)]
  0x00007fc2a40b4000 JavaThread "Signal Dispatcher" daemon [_thread_blocked, id=24026, stack(0x00007fc29313e000,0x00007fc29323f000)]
  0x00007fc2a4081800 JavaThread "Finalizer" daemon [_thread_blocked, id=24025, stack(0x00007fc2933d7000,0x00007fc2934d8000)]
  0x00007fc2a407d000 JavaThread "Reference Handler" daemon [_thread_blocked, id=24024, stack(0x00007fc2934d8000,0x00007fc2935d9000)]
  0x00007fc2a4011800 JavaThread "main" [_thread_in_native, id=24022, stack(0x00007fc2aaea6000,0x00007fc2aafa7000)]

Other Threads:
=>0x00007fc2a4075800 VMThread [stack: 0x00007fc2935d9000,0x00007fc2936da000] [id=24023]
  0x00007fc2a40bd800 WatcherThread [stack: 0x00007fc292d3a000,0x00007fc292e3b000] [id=24030]

VM state:at safepoint (normal execution)

VM Mutex/Monitor currently owned by a thread:  ([mutex/lock_event])
[0x00007fc2a400dc40] Threads_lock - owner thread: 0x00007fc2a4075800
[0x00007fc2a400e140] Heap_lock - owner thread: 0x00007fc28402b800

Heap:
 def new generation   total 15936K, used 0K [0x00000000c0000000, 0x00000000c1140000, 0x00000000d5550000)
  eden space 14208K,   0% used [0x00000000c0000000, 0x00000000c0000000, 0x00000000c0de0000)
  from space 1728K,   0% used [0x00000000c0de0000, 0x00000000c0de0000, 0x00000000c0f90000)
  to   space 1728K,   0% used [0x00000000c0f90000, 0x00000000c0f90000, 0x00000000c1140000)
 tenured generation   total 35172K, used 21101K [0x00000000d5550000, 0x00000000d77a9000, 0x0000000100000000)
   the space 35172K,  59% used [0x00000000d5550000, 0x00000000d69eb6d0, 0x00000000d69eb800, 0x00000000d77a9000)
 Metaspace       used 66167K, capacity 66932K, committed 67160K, reserved 1105920K
  class space    used 9519K, capacity 9696K, committed 9816K, reserved 1048576K

Card table byte_map: [0x00007fc2941ff000,0x00007fc294400000] byte_map_base: 0x00007fc293bff000

Polling page: 0x00007fc2aafb2000

CodeCache: size=245760Kb used=17986Kb max_used=17986Kb free=227774Kb
 bounds [0x00007fc2947c0000, 0x00007fc295970000, 0x00007fc2a37c0000]
 total_blobs=6416 nmethods=5832 adapters=496
 compilation: enabled

Compilation events (10 events):
Event: 24.199 Thread 0x00007fc2a40b7800 6500       2       org.apache.spark.sql.catalyst.expressions.codegen.CodegenContext$$anonfun$splitExpressions$2$$anonfun$apply$1::apply (9 bytes)
Event: 24.200 Thread 0x00007fc2a40b7800 nmethod 6500 0x00007fc295960b50 code [0x00007fc295960cc0, 0x00007fc295960ea0]
Event: 24.205 Thread 0x00007fc2a40b7800 6501       2       org.apache.spark.unsafe.bitset.BitSetMethods::set (83 bytes)
Event: 24.205 Thread 0x00007fc2a40b7800 nmethod 6501 0x00007fc295960f90 code [0x00007fc2959610e0, 0x00007fc295961250]
Event: 24.205 Thread 0x00007fc2a40b7800 6502       2       org.apache.spark.sql.catalyst.expressions.codegen.UnsafeRowWriter::setNullAt (33 bytes)
Event: 24.205 Thread 0x00007fc2a40b7800 nmethod 6502 0x00007fc2959612d0 code [0x00007fc295961440, 0x00007fc295961600]
Event: 24.206 Thread 0x00007fc2a40b7800 6503       2       org.apache.spark.unsafe.Platform::putDouble (10 bytes)
Event: 24.206 Thread 0x00007fc2a40b7800 nmethod 6503 0x00007fc29593ff50 code [0x00007fc2959400a0, 0x00007fc2959401d0]
Event: 24.206 Thread 0x00007fc2a40b7800 6505       2       scala.PartialFunction$$anonfun$runWith$1::apply (44 bytes)
Event: 24.206 Thread 0x00007fc2a40b7800 nmethod 6505 0x00007fc295961a90 code [0x00007fc295961c00, 0x00007fc295961e10]

GC Heap History (10 events):
Event: 23.280 GC heap before
{Heap before GC invocations=152 (full 5):
 def new generation   total 15552K, used 15552K [0x00000000c0000000, 0x00000000c10d0000, 0x00000000d5550000)
  eden space 13888K, 100% used [0x00000000c0000000, 0x00000000c0d90000, 0x00000000c0d90000)
  from space 1664K, 100% used [0x00000000c0f30000, 0x00000000c10d0000, 0x00000000c10d0000)
  to   space 1664K,   0% used [0x00000000c0d90000, 0x00000000c0d90000, 0x00000000c0f30000)
 tenured generation   total 34320K, used 21277K [0x00000000d5550000, 0x00000000d76d4000, 0x0000000100000000)
   the space 34320K,  61% used [0x00000000d5550000, 0x00000000d6a176a0, 0x00000000d6a17800, 0x00000000d76d4000)
 Metaspace       used 65515K, capacity 66288K, committed 66520K, reserved 1105920K
  class space    used 9478K, capacity 9656K, committed 9688K, reserved 1048576K
Event: 23.291 GC heap after
Heap after GC invocations=153 (full 5):
 def new generation   total 15552K, used 1664K [0x00000000c0000000, 0x00000000c10d0000, 0x00000000d5550000)
  eden space 13888K,   0% used [0x00000000c0000000, 0x00000000c0000000, 0x00000000c0d90000)
  from space 1664K, 100% used [0x00000000c0d90000, 0x00000000c0f30000, 0x00000000c0f30000)
  to   space 1664K,   0% used [0x00000000c0f30000, 0x00000000c0f30000, 0x00000000c10d0000)
 tenured generation   total 34320K, used 22853K [0x00000000d5550000, 0x00000000d76d4000, 0x0000000100000000)
   the space 34320K,  66% used [0x00000000d5550000, 0x00000000d6ba17d0, 0x00000000d6ba1800, 0x00000000d76d4000)
 Metaspace       used 65515K, capacity 66288K, committed 66520K, reserved 1105920K
  class space    used 9478K, capacity 9656K, committed 9688K, reserved 1048576K
}
Event: 23.683 GC heap before
{Heap before GC invocations=153 (full 5):
 def new generation   total 15552K, used 15552K [0x00000000c0000000, 0x00000000c10d0000, 0x00000000d5550000)
  eden space 13888K, 100% used [0x00000000c0000000, 0x00000000c0d90000, 0x00000000c0d90000)
  from space 1664K, 100% used [0x00000000c0d90000, 0x00000000c0f30000, 0x00000000c0f30000)
  to   space 1664K,   0% used [0x00000000c0f30000, 0x00000000c0f30000, 0x00000000c10d0000)
 tenured generation   total 34320K, used 22853K [0x00000000d5550000, 0x00000000d76d4000, 0x0000000100000000)
   the space 34320K,  66% used [0x00000000d5550000, 0x00000000d6ba17d0, 0x00000000d6ba1800, 0x00000000d76d4000)
 Metaspace       used 65691K, capacity 66416K, committed 66520K, reserved 1105920K
  class space    used 9478K, capacity 9656K, committed 9688K, reserved 1048576K
Event: 23.722 GC heap after
Heap after GC invocations=154 (full 5):
 def new generation   total 15552K, used 1664K [0x00000000c0000000, 0x00000000c10d0000, 0x00000000d5550000)
  eden space 13888K,   0% used [0x00000000c0000000, 0x00000000c0000000, 0x00000000c0d90000)
  from space 1664K, 100% used [0x00000000c0f30000, 0x00000000c10d0000, 0x00000000c10d0000)
  to   space 1664K,   0% used [0x00000000c0d90000, 0x00000000c0d90000, 0x00000000c0f30000)
 tenured generation   total 34320K, used 25319K [0x00000000d5550000, 0x00000000d76d4000, 0x0000000100000000)
   the space 34320K,  73% used [0x00000000d5550000, 0x00000000d6e09c18, 0x00000000d6e09e00, 0x00000000d76d4000)
 Metaspace       used 65691K, capacity 66416K, committed 66520K, reserved 1105920K
  class space    used 9478K, capacity 9656K, committed 9688K, reserved 1048576K
}
Event: 23.965 GC heap before
{Heap before GC invocations=154 (full 5):
 def new generation   total 15552K, used 15552K [0x00000000c0000000, 0x00000000c10d0000, 0x00000000d5550000)
  eden space 13888K, 100% used [0x00000000c0000000, 0x00000000c0d90000, 0x00000000c0d90000)
  from space 1664K, 100% used [0x00000000c0f30000, 0x00000000c10d0000, 0x00000000c10d0000)
  to   space 1664K,   0% used [0x00000000c0d90000, 0x00000000c0d90000, 0x00000000c0f30000)
 tenured generation   total 34320K, used 25319K [0x00000000d5550000, 0x00000000d76d4000, 0x0000000100000000)
   the space 34320K,  73% used [0x00000000d5550000, 0x00000000d6e09c18, 0x00000000d6e09e00, 0x00000000d76d4000)
 Metaspace       used 65966K, capacity 66722K, committed 66904K, reserved 1105920K
  class space    used 9498K, capacity 9694K, committed 9816K, reserved 1048576K
Event: 23.984 GC heap after
Heap after GC invocations=155 (full 5):
 def new generation   total 15552K, used 1228K [0x00000000c0000000, 0x00000000c10d0000, 0x00000000d5550000)
  eden space 13888K,   0% used [0x00000000c0000000, 0x00000000c0000000, 0x00000000c0d90000)
  from space 1664K,  73% used [0x00000000c0d90000, 0x00000000c0ec3228, 0x00000000c0f30000)
  to   space 1664K,   0% used [0x00000000c0f30000, 0x00000000c0f30000, 0x00000000c10d0000)
 tenured generation   total 34320K, used 26980K [0x00000000d5550000, 0x00000000d76d4000, 0x0000000100000000)
   the space 34320K,  78% used [0x00000000d5550000, 0x00000000d6fa93f8, 0x00000000d6fa9400, 0x00000000d76d4000)
 Metaspace       used 65966K, capacity 66722K, committed 66904K, reserved 1105920K
  class space    used 9498K, capacity 9694K, committed 9816K, reserved 1048576K
}
Event: 24.184 GC heap before
{Heap before GC invocations=155 (full 5):
 def new generation   total 15552K, used 15060K [0x00000000c0000000, 0x00000000c10d0000, 0x00000000d5550000)
  eden space 13888K,  99% used [0x00000000c0000000, 0x00000000c0d82000, 0x00000000c0d90000)
  from space 1664K,  73% used [0x00000000c0d90000, 0x00000000c0ec3228, 0x00000000c0f30000)
  to   space 1664K,   0% used [0x00000000c0f30000, 0x00000000c0f30000, 0x00000000c10d0000)
 tenured generation   total 34320K, used 26980K [0x00000000d5550000, 0x00000000d76d4000, 0x0000000100000000)
   the space 34320K,  78% used [0x00000000d5550000, 0x00000000d6fa93f8, 0x00000000d6fa9400, 0x00000000d76d4000)
 Metaspace       used 66152K, capacity 66932K, committed 67160K, reserved 1105920K
  class space    used 9517K, capacity 9696K, committed 9816K, reserved 1048576K
Event: 24.190 GC heap after
Heap after GC invocations=156 (full 5):
 def new generation   total 15552K, used 628K [0x00000000c0000000, 0x00000000c10d0000, 0x00000000d5550000)
  eden space 13888K,   0% used [0x00000000c0000000, 0x00000000c0000000, 0x00000000c0d90000)
  from space 1664K,  37% used [0x00000000c0f30000, 0x00000000c0fcd2a8, 0x00000000c10d0000)
  to   space 1664K,   0% used [0x00000000c0d90000, 0x00000000c0d90000, 0x00000000c0f30000)
 tenured generation   total 34320K, used 27756K [0x00000000d5550000, 0x00000000d76d4000, 0x0000000100000000)
   the space 34320K,  80% used [0x00000000d5550000, 0x00000000d706b3b8, 0x00000000d706b400, 0x00000000d76d4000)
 Metaspace       used 66152K, capacity 66932K, committed 67160K, reserved 1105920K
  class space    used 9517K, capacity 9696K, committed 9816K, reserved 1048576K
}
Event: 24.209 GC heap before
{Heap before GC invocations=156 (full 5):
 def new generation   total 15552K, used 6068K [0x00000000c0000000, 0x00000000c10d0000, 0x00000000d5550000)
  eden space 13888K,  39% used [0x00000000c0000000, 0x00000000c0550128, 0x00000000c0d90000)
  from space 1664K,  37% used [0x00000000c0f30000, 0x00000000c0fcd2a8, 0x00000000c10d0000)
  to   space 1664K,   0% used [0x00000000c0d90000, 0x00000000c0d90000, 0x00000000c0f30000)
 tenured generation   total 34320K, used 27756K [0x00000000d5550000, 0x00000000d76d4000, 0x0000000100000000)
   the space 34320K,  80% used [0x00000000d5550000, 0x00000000d706b3b8, 0x00000000d706b400, 0x00000000d76d4000)
 Metaspace       used 66167K, capacity 66932K, committed 67160K, reserved 1105920K
  class space    used 9519K, capacity 9696K, committed 9816K, reserved 1048576K
Event: 24.312 GC heap after
Heap after GC invocations=157 (full 6):
 def new generation   total 15936K, used 0K [0x00000000c0000000, 0x00000000c1140000, 0x00000000d5550000)
  eden space 14208K,   0% used [0x00000000c0000000, 0x00000000c0000000, 0x00000000c0de0000)
  from space 1728K,   0% used [0x00000000c0de0000, 0x00000000c0de0000, 0x00000000c0f90000)
  to   space 1728K,   0% used [0x00000000c0f90000, 0x00000000c0f90000, 0x00000000c1140000)
 tenured generation   total 35172K, used 21101K [0x00000000d5550000, 0x00000000d77a9000, 0x0000000100000000)
   the space 35172K,  59% used [0x00000000d5550000, 0x00000000d69eb6d0, 0x00000000d69eb800, 0x00000000d77a9000)
 Metaspace       used 66167K, capacity 66932K, committed 67160K, reserved 1105920K
  class space    used 9519K, capacity 9696K, committed 9816K, reserved 1048576K
}

Deoptimization events (10 events):
Event: 23.388 Thread 0x00007fc28402b800 Uncommon trap: reason=unstable_if action=reinterpret pc=0x00007fc294b67b80 method=java.util.HashMap.getNode(ILjava/lang/Object;)Ljava/util/HashMap$Node; @ 84
Event: 23.388 Thread 0x00007fc28402b800 Uncommon trap: reason=unstable_if action=reinterpret pc=0x00007fc2949551e4 method=java.util.HashMap.resize()[Ljava/util/HashMap$Node; @ 206
Event: 23.388 Thread 0x00007fc28402b800 Uncommon trap: reason=unstable_if action=reinterpret pc=0x00007fc294ae833c method=java.util.HashMap.getNode(ILjava/lang/Object;)Ljava/util/HashMap$Node; @ 84
Event: 23.578 Thread 0x00007fc28402b800 Uncommon trap: reason=unstable_if action=reinterpret pc=0x00007fc294bfede4 method=sun.misc.URLClassPath$JarLoader.getResource(Ljava/lang/String;ZLjava/util/Set;)Lsun/misc/Resource; @ 17
Event: 23.901 Thread 0x00007fc28402b800 Uncommon trap: reason=speculate_class_check action=maybe_recompile pc=0x00007fc2958fa340 method=org.codehaus.janino.Java$Atom.toRvalueOrCompileException()Lorg/codehaus/janino/Java$Rvalue; @ 1
Event: 23.902 Thread 0x00007fc28402b800 Uncommon trap: reason=speculate_class_check action=maybe_recompile pc=0x00007fc2958fa340 method=org.codehaus.janino.Java$Atom.toRvalueOrCompileException()Lorg/codehaus/janino/Java$Rvalue; @ 1
Event: 23.902 Thread 0x00007fc28402b800 Uncommon trap: reason=speculate_class_check action=maybe_recompile pc=0x00007fc2958fa340 method=org.codehaus.janino.Java$Atom.toRvalueOrCompileException()Lorg/codehaus/janino/Java$Rvalue; @ 1
Event: 23.902 Thread 0x00007fc28402b800 Uncommon trap: reason=speculate_class_check action=maybe_recompile pc=0x00007fc2958fa340 method=org.codehaus.janino.Java$Atom.toRvalueOrCompileException()Lorg/codehaus/janino/Java$Rvalue; @ 1
Event: 23.930 Thread 0x00007fc28402b800 Uncommon trap: reason=unstable_if action=reinterpret pc=0x00007fc29575b620 method=org.codehaus.janino.CodeContext.makeSpace(SI)V @ 166
Event: 24.148 Thread 0x00007fc280778800 Uncommon trap: reason=bimorphic action=maybe_recompile pc=0x00007fc295204a68 method=scala.collection.TraversableLike$class.to(Lscala/collection/TraversableLike;Lscala/collection/generic/CanBuildFrom;)Ljava/lang/Object; @ 1

Classes redefined (0 events):
No events

Internal exceptions (10 events):
Event: 22.279 Thread 0x00007fc274472000 Exception <a 'java/lang/NoSuchMethodError': <clinit>> (0x00000000c010e370) thrown at [/build/openjdk-8-pREaNj/openjdk-8-8u181-b13/src/hotspot/src/share/vm/prims/jni.cpp, line 1613]
Event: 22.280 Thread 0x00007fc274472000 Exception <a 'java/lang/NoSuchMethodError': <clinit>> (0x00000000c011a518) thrown at [/build/openjdk-8-pREaNj/openjdk-8-8u181-b13/src/hotspot/src/share/vm/prims/jni.cpp, line 1613]
Event: 22.281 Thread 0x00007fc274472000 Exception <a 'java/lang/NoSuchMethodError': <clinit>> (0x00000000c0136bb0) thrown at [/build/openjdk-8-pREaNj/openjdk-8-8u181-b13/src/hotspot/src/share/vm/prims/jni.cpp, line 1613]
Event: 22.286 Thread 0x00007fc274472000 Exception <a 'java/lang/NoSuchMethodError': <clinit>> (0x00000000c0138660) thrown at [/build/openjdk-8-pREaNj/openjdk-8-8u181-b13/src/hotspot/src/share/vm/prims/jni.cpp, line 1613]
Event: 22.286 Thread 0x00007fc274472000 Exception <a 'java/lang/NoSuchMethodError': <clinit>> (0x00000000c013a330) thrown at [/build/openjdk-8-pREaNj/openjdk-8-8u181-b13/src/hotspot/src/share/vm/prims/jni.cpp, line 1613]
Event: 22.288 Thread 0x00007fc274472000 Exception <a 'java/lang/NoSuchMethodError': <clinit>> (0x00000000c0145110) thrown at [/build/openjdk-8-pREaNj/openjdk-8-8u181-b13/src/hotspot/src/share/vm/prims/jni.cpp, line 1613]
Event: 22.289 Thread 0x00007fc274472000 Exception <a 'java/lang/NoSuchMethodError': <clinit>> (0x00000000c015b020) thrown at [/build/openjdk-8-pREaNj/openjdk-8-8u181-b13/src/hotspot/src/share/vm/prims/jni.cpp, line 1613]
Event: 22.290 Thread 0x00007fc274472000 Exception <a 'java/lang/NoSuchMethodError': <clinit>> (0x00000000c017b568) thrown at [/build/openjdk-8-pREaNj/openjdk-8-8u181-b13/src/hotspot/src/share/vm/prims/jni.cpp, line 1613]
Event: 22.330 Thread 0x00007fc28077e800 Exception <a 'java/lang/NoSuchMethodError': <clinit>> (0x00000000c043b3d8) thrown at [/build/openjdk-8-pREaNj/openjdk-8-8u181-b13/src/hotspot/src/share/vm/prims/jni.cpp, line 1613]
Event: 22.344 Thread 0x00007fc280514000 Exception <a 'java/lang/NoSuchMethodError': <clinit>> (0x00000000c08b9a90) thrown at [/build/openjdk-8-pREaNj/openjdk-8-8u181-b13/src/hotspot/src/share/vm/prims/jni.cpp, line 1613]

Events (10 events):
Event: 24.164 loading class org/apache/spark/unsafe/array/LongArray done
Event: 24.184 Executing VM operation: GenCollectForAllocation
Event: 24.194 Executing VM operation: GenCollectForAllocation done
Event: 24.206 loading class org/apache/spark/sql/execution/aggregate/TungstenAggregationIterator$$anonfun$11
Event: 24.206 loading class org/apache/spark/sql/execution/aggregate/TungstenAggregationIterator$$anonfun$11 done
Event: 24.208 loading class org/apache/spark/unsafe/hash/Murmur3_x86_32
Event: 24.208 loading class org/apache/spark/unsafe/hash/Murmur3_x86_32 done
Event: 24.208 loading class org/apache/spark/unsafe/UnsafeAlignedOffset
Event: 24.208 loading class org/apache/spark/unsafe/UnsafeAlignedOffset done
Event: 24.209 Executing VM operation: GenCollectForAllocation


Dynamic libraries:
00400000-00401000 r-xp 00000000 ca:01 256949                             /usr/lib/jvm/java-8-openjdk-amd64/jre/bin/java
00600000-00601000 r--p 00000000 ca:01 256949                             /usr/lib/jvm/java-8-openjdk-amd64/jre/bin/java
00601000-00602000 rw-p 00001000 ca:01 256949                             /usr/lib/jvm/java-8-openjdk-amd64/jre/bin/java
0088e000-008d0000 rw-p 00000000 00:00 0                                  [heap]
c0000000-c1140000 rw-p 00000000 00:00 0 
c1140000-d5550000 ---p 00000000 00:00 0 
d5550000-d77a9000 rw-p 00000000 00:00 0 
d87aa000-100000000 ---p 00000000 00:00 0 
100000000-100996000 rw-p 00000000 00:00 0 
100996000-140000000 ---p 00000000 00:00 0 
7fc26c580000-7fc26c780000 rw-p 00000000 00:00 0 
7fc26c780000-7fc26c783000 ---p 00000000 00:00 0 
7fc26c783000-7fc26c881000 rw-p 00000000 00:00 0 
7fc26c881000-7fc26c884000 ---p 00000000 00:00 0 
7fc26c884000-7fc26cb82000 rw-p 00000000 00:00 0 
7fc26cb82000-7fc26cd82000 rw-p 00000000 00:00 0 
7fc26cd82000-7fc26cf82000 rw-p 00000000 00:00 0 
7fc26cf82000-7fc26d182000 rw-p 00000000 00:00 0 
7fc26d182000-7fc26d382000 rw-p 00000000 00:00 0 
7fc26d382000-7fc26d582000 rw-p 00000000 00:00 0 
7fc26d582000-7fc26d782000 rw-p 00000000 00:00 0 
7fc26d782000-7fc26d982000 rw-p 00000000 00:00 0 
7fc26d982000-7fc26db82000 rw-p 00000000 00:00 0 
7fc26db82000-7fc26db85000 ---p 00000000 00:00 0 
7fc26db85000-7fc26dc83000 rw-p 00000000 00:00 0 
7fc26dc83000-7fc26dc86000 ---p 00000000 00:00 0 
7fc26dc86000-7fc26dd84000 rw-p 00000000 00:00 0 
7fc26dd84000-7fc26dd87000 ---p 00000000 00:00 0 
7fc26dd87000-7fc26de85000 rw-p 00000000 00:00 0 
7fc26de85000-7fc26de88000 ---p 00000000 00:00 0 
7fc26de88000-7fc26df86000 rw-p 00000000 00:00 0 
7fc26df86000-7fc26df89000 ---p 00000000 00:00 0 
7fc26df89000-7fc26e087000 rw-p 00000000 00:00 0 
7fc26e087000-7fc26e08a000 ---p 00000000 00:00 0 
7fc26e08a000-7fc26e388000 rw-p 00000000 00:00 0 
7fc26e388000-7fc26e38b000 ---p 00000000 00:00 0 
7fc26e38b000-7fc26e689000 rw-p 00000000 00:00 0 
7fc26e689000-7fc26e696000 r-xp 00000000 ca:01 2915                       /tmp/liblz4-java5164514317889839813.so
7fc26e696000-7fc26e895000 ---p 0000d000 ca:01 2915                       /tmp/liblz4-java5164514317889839813.so
7fc26e895000-7fc26e896000 rw-p 0000c000 ca:01 2915                       /tmp/liblz4-java5164514317889839813.so
7fc26e896000-7fc26ea96000 rw-p 00000000 00:00 0 
7fc26ea96000-7fc26ea99000 ---p 00000000 00:00 0 
7fc26ea99000-7fc26eb97000 rw-p 00000000 00:00 0 
7fc26ebe7000-7fc26ebea000 ---p 00000000 00:00 0 
7fc26ebea000-7fc26eee8000 rw-p 00000000 00:00 0 
7fc26eee8000-7fc26f0e8000 rw-p 00000000 00:00 0 
7fc26f0e8000-7fc26f2e8000 rw-p 00000000 00:00 0 
7fc26f2e8000-7fc26f2eb000 ---p 00000000 00:00 0 
7fc26f2eb000-7fc26f3e9000 rw-p 00000000 00:00 0 
7fc26f3e9000-7fc26f3ec000 ---p 00000000 00:00 0 
7fc26f3ec000-7fc26f4ea000 rw-p 00000000 00:00 0 
7fc26f4ea000-7fc26f4ed000 ---p 00000000 00:00 0 
7fc26f4ed000-7fc26f7eb000 rw-p 00000000 00:00 0 
7fc26f7eb000-7fc26f7ee000 ---p 00000000 00:00 0 
7fc26f7ee000-7fc26f8ec000 rw-p 00000000 00:00 0 
7fc26f8ec000-7fc26f8ef000 ---p 00000000 00:00 0 
7fc26f8ef000-7fc26f9ed000 rw-p 00000000 00:00 0 
7fc26f9ed000-7fc26f9f0000 ---p 00000000 00:00 0 
7fc26f9f0000-7fc26faee000 rw-p 00000000 00:00 0 
7fc26faee000-7fc26faf1000 ---p 00000000 00:00 0 
7fc26faf1000-7fc26fbef000 rw-p 00000000 00:00 0 
7fc26fbef000-7fc26fbf2000 ---p 00000000 00:00 0 
7fc26fbf2000-7fc26fcf0000 rw-p 00000000 00:00 0 
7fc26fcf0000-7fc26fcf3000 ---p 00000000 00:00 0 
7fc26fcf3000-7fc26fdf1000 rw-p 00000000 00:00 0 
7fc26fdf1000-7fc26fdf4000 ---p 00000000 00:00 0 
7fc26fdf4000-7fc26fef2000 rw-p 00000000 00:00 0 
7fc26fef2000-7fc26fef5000 ---p 00000000 00:00 0 
7fc26fef5000-7fc26fff3000 rw-p 00000000 00:00 0 
7fc26fff3000-7fc26fff6000 ---p 00000000 00:00 0 
7fc26fff6000-7fc2700f4000 rw-p 00000000 00:00 0 
7fc2700f4000-7fc2700f7000 ---p 00000000 00:00 0 
7fc2700f7000-7fc2701f5000 rw-p 00000000 00:00 0 
7fc2701f5000-7fc2701f8000 ---p 00000000 00:00 0 
7fc2701f8000-7fc2702f6000 rw-p 00000000 00:00 0 
7fc2702f6000-7fc2702f9000 ---p 00000000 00:00 0 
7fc2702f9000-7fc2703f7000 rw-p 00000000 00:00 0 
7fc2703f7000-7fc2703fa000 ---p 00000000 00:00 0 
7fc2703fa000-7fc2704f8000 rw-p 00000000 00:00 0 
7fc2704f8000-7fc2704fb000 ---p 00000000 00:00 0 
7fc2704fb000-7fc2707f9000 rw-p 00000000 00:00 0 
7fc2707f9000-7fc2707fc000 ---p 00000000 00:00 0 
7fc2707fc000-7fc270afa000 rw-p 00000000 00:00 0 
7fc270afa000-7fc270afd000 ---p 00000000 00:00 0 
7fc270afd000-7fc270bfb000 rw-p 00000000 00:00 0 
7fc270bfb000-7fc270bfe000 ---p 00000000 00:00 0 
7fc270bfe000-7fc270cfc000 rw-p 00000000 00:00 0 
7fc270cfc000-7fc270cff000 ---p 00000000 00:00 0 
7fc270cff000-7fc270dfd000 rw-p 00000000 00:00 0 
7fc270dfd000-7fc270e00000 ---p 00000000 00:00 0 
7fc270e00000-7fc270efe000 rw-p 00000000 00:00 0 
7fc270efe000-7fc270f01000 ---p 00000000 00:00 0 
7fc270f01000-7fc274000000 rw-p 00000000 00:00 0 
7fc274000000-7fc274bfa000 rw-p 00000000 00:00 0 
7fc274bfa000-7fc278000000 ---p 00000000 00:00 0 
7fc278000000-7fc2781dc000 rw-p 00000000 00:00 0 
7fc2781dc000-7fc27c000000 ---p 00000000 00:00 0 
7fc27c000000-7fc27c021000 rw-p 00000000 00:00 0 
7fc27c021000-7fc280000000 ---p 00000000 00:00 0 
7fc280000000-7fc2822f0000 rw-p 00000000 00:00 0 
7fc2822f0000-7fc284000000 ---p 00000000 00:00 0 
7fc284000000-7fc284062000 rw-p 00000000 00:00 0 
7fc284062000-7fc288000000 ---p 00000000 00:00 0 
7fc288000000-7fc288021000 rw-p 00000000 00:00 0 
7fc288021000-7fc28c000000 ---p 00000000 00:00 0 
7fc28c000000-7fc28c15d000 rw-p 00000000 00:00 0 
7fc28c15d000-7fc290000000 ---p 00000000 00:00 0 
7fc290063000-7fc290066000 ---p 00000000 00:00 0 
7fc290066000-7fc290164000 rw-p 00000000 00:00 0 
7fc290164000-7fc290167000 ---p 00000000 00:00 0 
7fc290167000-7fc290265000 rw-p 00000000 00:00 0 
7fc290265000-7fc290268000 ---p 00000000 00:00 0 
7fc290268000-7fc290366000 rw-p 00000000 00:00 0 
7fc290366000-7fc290369000 ---p 00000000 00:00 0 
7fc290369000-7fc290467000 rw-p 00000000 00:00 0 
7fc290467000-7fc290478000 r-xp 00000000 ca:01 256909                     /usr/lib/jvm/java-8-openjdk-amd64/jre/lib/amd64/libnio.so
7fc290478000-7fc290678000 ---p 00011000 ca:01 256909                     /usr/lib/jvm/java-8-openjdk-amd64/jre/lib/amd64/libnio.so
7fc290678000-7fc290679000 r--p 00011000 ca:01 256909                     /usr/lib/jvm/java-8-openjdk-amd64/jre/lib/amd64/libnio.so
7fc290679000-7fc29067a000 rw-p 00012000 ca:01 256909                     /usr/lib/jvm/java-8-openjdk-amd64/jre/lib/amd64/libnio.so
7fc29067a000-7fc29087a000 rw-p 00000000 00:00 0 
7fc29087a000-7fc29087d000 ---p 00000000 00:00 0 
7fc29087d000-7fc290b7b000 rw-p 00000000 00:00 0 
7fc290b7b000-7fc290b92000 r-xp 00000000 ca:01 1984                       /lib/x86_64-linux-gnu/libresolv-2.23.so
7fc290b92000-7fc290d92000 ---p 00017000 ca:01 1984                       /lib/x86_64-linux-gnu/libresolv-2.23.so
7fc290d92000-7fc290d93000 r--p 00017000 ca:01 1984                       /lib/x86_64-linux-gnu/libresolv-2.23.so
7fc290d93000-7fc290d94000 rw-p 00018000 ca:01 1984                       /lib/x86_64-linux-gnu/libresolv-2.23.so
7fc290d94000-7fc290d96000 rw-p 00000000 00:00 0 
7fc290d96000-7fc290d9b000 r-xp 00000000 ca:01 1990                       /lib/x86_64-linux-gnu/libnss_dns-2.23.so
7fc290d9b000-7fc290f9b000 ---p 00005000 ca:01 1990                       /lib/x86_64-linux-gnu/libnss_dns-2.23.so
7fc290f9b000-7fc290f9c000 r--p 00005000 ca:01 1990                       /lib/x86_64-linux-gnu/libnss_dns-2.23.so
7fc290f9c000-7fc290f9d000 rw-p 00006000 ca:01 1990                       /lib/x86_64-linux-gnu/libnss_dns-2.23.so
7fc290f9d000-7fc290f9e000 r-xp 00000000 ca:01 256908                     /usr/lib/jvm/java-8-openjdk-amd64/jre/lib/amd64/libjaas_unix.so
7fc290f9e000-7fc29119d000 ---p 00001000 ca:01 256908                     /usr/lib/jvm/java-8-openjdk-amd64/jre/lib/amd64/libjaas_unix.so
7fc29119d000-7fc29119e000 r--p 00000000 ca:01 256908                     /usr/lib/jvm/java-8-openjdk-amd64/jre/lib/amd64/libjaas_unix.so
7fc29119e000-7fc29119f000 rw-p 00001000 ca:01 256908                     /usr/lib/jvm/java-8-openjdk-amd64/jre/lib/amd64/libjaas_unix.so
7fc29119f000-7fc2911a2000 ---p 00000000 00:00 0 
7fc2911a2000-7fc2912a0000 rw-p 00000000 00:00 0 
7fc2912a0000-7fc2912a3000 ---p 00000000 00:00 0 
7fc2912a3000-7fc2914d9000 rw-p 00000000 00:00 0 
7fc2914d9000-7fc2916d9000 rw-p 00000000 00:00 0 
7fc2916d9000-7fc2916e2000 r-xp 00000000 ca:01 256894                     /usr/lib/jvm/java-8-openjdk-amd64/jre/lib/amd64/libmanagement.so
7fc2916e2000-7fc2918e1000 ---p 00009000 ca:01 256894                     /usr/lib/jvm/java-8-openjdk-amd64/jre/lib/amd64/libmanagement.so
7fc2918e1000-7fc2918e2000 r--p 00008000 ca:01 256894                     /usr/lib/jvm/java-8-openjdk-amd64/jre/lib/amd64/libmanagement.so
7fc2918e2000-7fc2918e3000 rw-p 00009000 ca:01 256894                     /usr/lib/jvm/java-8-openjdk-amd64/jre/lib/amd64/libmanagement.so
7fc2918e3000-7fc2918e6000 ---p 00000000 00:00 0 
7fc2918e6000-7fc2919e4000 rw-p 00000000 00:00 0 
7fc2919e4000-7fc2919e7000 ---p 00000000 00:00 0 
7fc2919e7000-7fc291ae5000 rw-p 00000000 00:00 0 
7fc291ae5000-7fc291ae8000 ---p 00000000 00:00 0 
7fc291ae8000-7fc291de6000 rw-p 00000000 00:00 0 
7fc291de6000-7fc291dfd000 r-xp 00000000 ca:01 256888                     /usr/lib/jvm/java-8-openjdk-amd64/jre/lib/amd64/libnet.so
7fc291dfd000-7fc291ffc000 ---p 00017000 ca:01 256888                     /usr/lib/jvm/java-8-openjdk-amd64/jre/lib/amd64/libnet.so
7fc291ffc000-7fc291ffd000 r--p 00016000 ca:01 256888                     /usr/lib/jvm/java-8-openjdk-amd64/jre/lib/amd64/libnet.so
7fc291ffd000-7fc291ffe000 rw-p 00017000 ca:01 256888                     /usr/lib/jvm/java-8-openjdk-amd64/jre/lib/amd64/libnet.so
7fc291ffe000-7fc292000000 r--s 00012000 ca:01 261803                     /home/ubuntu/spark-2.1.1-bin-hadoop2.7/jars/api-util-1.0.0-M20.jar
7fc292000000-7fc292008000 r--s 00066000 ca:01 261732                     /home/ubuntu/spark-2.1.1-bin-hadoop2.7/jars/apache-log4j-extras-1.2.17.jar
7fc292008000-7fc29200a000 r--s 00004000 ca:01 261587                     /home/ubuntu/spark-2.1.1-bin-hadoop2.7/jars/stax-api-1.0-2.jar
7fc29200a000-7fc292018000 r--s 00078000 ca:01 261756                     /home/ubuntu/spark-2.1.1-bin-hadoop2.7/jars/spark-mesos_2.11-2.1.1.jar
7fc292026000-7fc292028000 r--s 00016000 ca:01 256882                     /usr/lib/jvm/java-8-openjdk-amd64/jre/lib/jce.jar
7fc292028000-7fc29202d000 r--s 0009d000 ca:01 256862                     /usr/lib/jvm/java-8-openjdk-amd64/jre/lib/jsse.jar
7fc29202d000-7fc292040000 r--s 00346000 ca:01 256864                     /usr/lib/jvm/java-8-openjdk-amd64/jre/lib/resources.jar
7fc292040000-7fc292043000 r--s 00015000 ca:01 261533                     /home/ubuntu/spark-2.1.1-bin-hadoop2.7/jars/javax.servlet-api-3.1.0.jar
7fc292043000-7fc29206f000 r--s 001c9000 ca:01 261798                     /home/ubuntu/spark-2.1.1-bin-hadoop2.7/jars/shapeless_2.11-2.0.0.jar
7fc29206f000-7fc29207a000 r--s 000b0000 ca:01 261731                     /home/ubuntu/spark-2.1.1-bin-hadoop2.7/jars/jtransforms-2.4.0.jar
7fc29207a000-7fc292080000 r--s 00043000 ca:01 261858                     /home/ubuntu/spark-2.1.1-bin-hadoop2.7/jars/commons-configuration-1.6.jar
7fc292080000-7fc292084000 r--s 00019000 ca:01 261784                     /home/ubuntu/spark-2.1.1-bin-hadoop2.7/jars/javax.ws.rs-api-2.0.1.jar
7fc292084000-7fc292086000 r--s 00009000 ca:01 261839                     /home/ubuntu/spark-2.1.1-bin-hadoop2.7/jars/commons-cli-1.2.jar
7fc292086000-7fc292090000 r--s 00095000 ca:01 261728                     /home/ubuntu/spark-2.1.1-bin-hadoop2.7/jars/scala-xml_2.11-1.0.2.jar
7fc292090000-7fc292095000 r--s 00031000 ca:01 261744                     /home/ubuntu/spark-2.1.1-bin-hadoop2.7/jars/parquet-hadoop-1.8.1.jar
7fc292095000-7fc292099000 r--s 00020000 ca:01 261720                     /home/ubuntu/spark-2.1.1-bin-hadoop2.7/jars/commons-digester-1.8.jar
7fc292099000-7fc29209b000 r--s 00027000 ca:01 261790                     /home/ubuntu/spark-2.1.1-bin-hadoop2.7/jars/core-1.1.2.jar
7fc29209b000-7fc2920b2000 r--s 00183000 ca:01 261753                     /home/ubuntu/spark-2.1.1-bin-hadoop2.7/jars/hadoop-yarn-common-2.7.3.jar
7fc2920b2000-7fc2920b3000 r--s 00004000 ca:01 261711                     /home/ubuntu/spark-2.1.1-bin-hadoop2.7/jars/eigenbase-properties-1.1.5.jar
7fc2920b3000-7fc2920b9000 r--s 00044000 ca:01 261763                     /home/ubuntu/spark-2.1.1-bin-hadoop2.7/jars/antlr4-runtime-4.5.3.jar
7fc2920b9000-7fc2920bb000 r--s 0000b000 ca:01 261840                     /home/ubuntu/spark-2.1.1-bin-hadoop2.7/jars/chill-java-0.8.0.jar
7fc2920bb000-7fc2920c5000 r--s 00086000 ca:01 261718                     /home/ubuntu/spark-2.1.1-bin-hadoop2.7/jars/json4s-core_2.11-3.2.11.jar
7fc2920c5000-7fc2920c7000 r--s 0000f000 ca:01 261566                     /home/ubuntu/spark-2.1.1-bin-hadoop2.7/jars/activation-1.1.1.jar
7fc2920c7000-7fc2920cb000 r--s 00031000 ca:01 261583                     /home/ubuntu/spark-2.1.1-bin-hadoop2.7/jars/jline-2.12.1.jar
7fc2920cb000-7fc2920d1000 r--s 00028000 ca:01 261745                     /home/ubuntu/spark-2.1.1-bin-hadoop2.7/jars/curator-framework-2.6.0.jar
7fc2920d1000-7fc2920de000 r--s 000b1000 ca:01 261545                     /home/ubuntu/spark-2.1.1-bin-hadoop2.7/jars/hadoop-mapreduce-client-common-2.7.3.jar
7fc2920de000-7fc2920e0000 r--s 00009000 ca:01 261758                     /home/ubuntu/spark-2.1.1-bin-hadoop2.7/jars/jackson-module-paranamer-2.6.5.jar
7fc2920e0000-7fc2920e1000 r--s 00009000 ca:01 261845                     /home/ubuntu/spark-2.1.1-bin-hadoop2.7/jars/slf4j-api-1.7.16.jar
7fc2920e1000-7fc2920e2000 r--s 00004000 ca:01 261710                     /home/ubuntu/spark-2.1.1-bin-hadoop2.7/jars/jackson-jaxrs-1.9.13.jar
7fc2920e2000-7fc292110000 r--s 00212000 ca:01 261712                     /home/ubuntu/spark-2.1.1-bin-hadoop2.7/jars/spark-network-common_2.11-2.1.1.jar
7fc292110000-7fc292118000 r--s 0006e000 ca:01 261765                     /home/ubuntu/spark-2.1.1-bin-hadoop2.7/jars/commons-lang3-3.5.jar
7fc292118000-7fc292119000 r--s 00009000 ca:01 261830                     /home/ubuntu/spark-2.1.1-bin-hadoop2.7/jars/hive-cli-1.2.1.spark2.jar
7fc292119000-7fc29212f000 r--s 001a4000 ca:01 261613                     /home/ubuntu/spark-2.1.1-bin-hadoop2.7/jars/datanucleus-rdbms-3.2.9.jar
7fc29212f000-7fc292140000 r--s 0010d000 ca:01 261714                     /home/ubuntu/spark-2.1.1-bin-hadoop2.7/jars/jackson-databind-2.6.5.jar
7fc292140000-7fc292142000 r--s 0000a000 ca:01 261612                     /home/ubuntu/spark-2.1.1-bin-hadoop2.7/jars/spark-unsafe_2.11-2.1.1.jar
7fc292142000-7fc292166000 r--s 001cd000 ca:01 261855                     /home/ubuntu/spark-2.1.1-bin-hadoop2.7/jars/commons-math3-3.4.1.jar
7fc292166000-7fc29216a000 r--s 0002a000 ca:01 261747                     /home/ubuntu/spark-2.1.1-bin-hadoop2.7/jars/commons-io-2.4.jar
7fc29216a000-7fc292172000 r--s 00059000 ca:01 261611                     /home/ubuntu/spark-2.1.1-bin-hadoop2.7/jars/javolution-5.5.1.jar
7fc292172000-7fc292173000 r--s 00003000 ca:01 261568                     /home/ubuntu/spark-2.1.1-bin-hadoop2.7/jars/jta-1.1.jar
7fc292173000-7fc292176000 r--s 00009000 ca:01 261751                     /home/ubuntu/spark-2.1.1-bin-hadoop2.7/jars/jackson-annotations-2.6.5.jar
7fc292176000-7fc2921ea000 r--s 00574000 ca:01 261739                     /home/ubuntu/spark-2.1.1-bin-hadoop2.7/jars/spark-mllib_2.11-2.1.1.jar
7fc2921ea000-7fc292205000 r--s 001d8000 ca:01 261572                     /home/ubuntu/spark-2.1.1-bin-hadoop2.7/jars/jets3t-0.9.3.jar
7fc292205000-7fc292290000 r--s 0069e000 ca:01 261713                     /home/ubuntu/spark-2.1.1-bin-hadoop2.7/jars/spark-catalyst_2.11-2.1.1.jar
7fc292290000-7fc292295000 r--s 0002a000 ca:01 261576                     /home/ubuntu/spark-2.1.1-bin-hadoop2.7/jars/commons-beanutils-1.7.0.jar
7fc292295000-7fc292297000 r--s 00006000 ca:01 261588                     /home/ubuntu/spark-2.1.1-bin-hadoop2.7/jars/paranamer-2.3.jar
7fc292297000-7fc29229b000 r--s 0002c000 ca:01 261748                     /home/ubuntu/spark-2.1.1-bin-hadoop2.7/jars/avro-ipc-1.7.7.jar
7fc29229b000-7fc29229c000 r--s 00003000 ca:01 261594                     /home/ubuntu/spark-2.1.1-bin-hadoop2.7/jars/xmlenc-0.52.jar
7fc29229c000-7fc2922b9000 r--s 001d5000 ca:01 261860                     /home/ubuntu/spark-2.1.1-bin-hadoop2.7/jars/hadoop-yarn-api-2.7.3.jar
7fc2922b9000-7fc2922ba000 r--s 00004000 ca:01 261716                     /home/ubuntu/spark-2.1.1-bin-hadoop2.7/jars/opencsv-2.3.jar
7fc2922ba000-7fc2922be000 r--s 00014000 ca:01 261856                     /home/ubuntu/spark-2.1.1-bin-hadoop2.7/jars/xz-1.0.jar
7fc2922be000-7fc2922c1000 r--s 000fd000 ca:01 261604                     /home/ubuntu/spark-2.1.1-bin-hadoop2.7/jars/leveldbjni-all-1.8.jar
7fc2922c1000-7fc2922c7000 r--s 00063000 ca:01 261849                     /home/ubuntu/spark-2.1.1-bin-hadoop2.7/jars/jodd-core-3.5.2.jar
7fc2922c7000-7fc2922cb000 r--s 00030000 ca:01 261532                     /home/ubuntu/spark-2.1.1-bin-hadoop2.7/jars/commons-net-2.2.jar
7fc2922cb000-7fc2922cf000 r--s 00028000 ca:01 261608                     /home/ubuntu/spark-2.1.1-bin-hadoop2.7/jars/spark-mllib-local_2.11-2.1.1.jar
7fc2922cf000-7fc2922d6000 r--s 0007d000 ca:01 261722                     /home/ubuntu/spark-2.1.1-bin-hadoop2.7/jars/jetty-6.1.26.jar
7fc2922d6000-7fc2922d9000 r--s 0002f000 ca:01 261546                     /home/ubuntu/spark-2.1.1-bin-hadoop2.7/jars/RoaringBitmap-0.5.11.jar
7fc2922d9000-7fc2922da000 r--s 00004000 ca:01 261866                     /home/ubuntu/spark-2.1.1-bin-hadoop2.7/jars/osgi-resource-locator-1.0.1.jar
7fc2922da000-7fc2922fb000 r--s 0019b000 ca:01 261796                     /home/ubuntu/spark-2.1.1-bin-hadoop2.7/jars/spark-hive-thriftserver_2.11-2.1.1.jar
7fc2922fb000-7fc292300000 r--s 00041000 ca:01 261740                     /home/ubuntu/spark-2.1.1-bin-hadoop2.7/jars/commons-lang-2.6.jar
7fc292300000-7fc292302000 r--s 00020000 ca:01 261749                     /home/ubuntu/spark-2.1.1-bin-hadoop2.7/jars/hive-beeline-1.2.1.spark2.jar
7fc292302000-7fc292309000 r--s 00049000 ca:01 261736                     /home/ubuntu/spark-2.1.1-bin-hadoop2.7/jars/httpcore-4.4.4.jar
7fc292309000-7fc29230b000 r--s 00014000 ca:01 261717                     /home/ubuntu/spark-2.1.1-bin-hadoop2.7/jars/spire-macros_2.11-0.7.4.jar
7fc29230b000-7fc29230c000 r--s 00001000 ca:01 261621                     /home/ubuntu/spark-2.1.1-bin-hadoop2.7/jars/pmml-schema-1.2.15.jar
7fc29230c000-7fc292310000 r--s 00028000 ca:01 261573                     /home/ubuntu/spark-2.1.1-bin-hadoop2.7/jars/jetty-util-6.1.26.jar
7fc292310000-7fc292313000 r--s 00006000 ca:01 261721                     /home/ubuntu/spark-2.1.1-bin-hadoop2.7/jars/jsr305-1.3.9.jar
7fc292313000-7fc29231a000 r--s 0005d000 ca:01 261793                     /home/ubuntu/spark-2.1.1-bin-hadoop2.7/jars/mx4j-3.0.2.jar
7fc29231a000-7fc29231c000 r--s 0000e000 ca:01 261821                     /home/ubuntu/spark-2.1.1-bin-hadoop2.7/jars/guice-servlet-3.0.jar
7fc29231c000-7fc292324000 r--s 0007b000 ca:01 261737                     /home/ubuntu/spark-2.1.1-bin-hadoop2.7/jars/protobuf-java-2.5.0.jar
7fc292324000-7fc29232d000 r--s 00062000 ca:01 261580                     /home/ubuntu/spark-2.1.1-bin-hadoop2.7/jars/avro-1.7.7.jar
7fc29232d000-7fc29232f000 r--s 00003000 ca:01 261733                     /home/ubuntu/spark-2.1.1-bin-hadoop2.7/jars/jcl-over-slf4j-1.7.16.jar
7fc29232f000-7fc2923ff000 r--s 00cf0000 ca:01 261540                     /home/ubuntu/spark-2.1.1-bin-hadoop2.7/jars/breeze_2.11-0.12.jar
7fc2923ff000-7fc292400000 r--s 00002000 ca:01 261619                     /home/ubuntu/spark-2.1.1-bin-hadoop2.7/jars/slf4j-log4j12-1.7.16.jar
7fc292400000-7fc292402000 r--s 00006000 ca:01 261578                     /home/ubuntu/spark-2.1.1-bin-hadoop2.7/jars/spark-sketch_2.11-2.1.1.jar
7fc292402000-7fc292407000 r--s 00068000 ca:01 261791                     /home/ubuntu/spark-2.1.1-bin-hadoop2.7/jars/antlr-2.7.7.jar
7fc292407000-7fc292409000 r--s 00000000 ca:01 261759                     /home/ubuntu/spark-2.1.1-bin-hadoop2.7/jars/aopalliance-1.0.jar
7fc292409000-7fc29240b000 r--s 00012000 ca:01 261730                     /home/ubuntu/spark-2.1.1-bin-hadoop2.7/jars/compress-lzf-1.0.3.jar
7fc29240b000-7fc292418000 r--s 0009e000 ca:01 261822                     /home/ubuntu/spark-2.1.1-bin-hadoop2.7/jars/spark-graphx_2.11-2.1.1.jar
7fc292418000-7fc29241d000 r--s 00028000 ca:01 261841                     /home/ubuntu/spark-2.1.1-bin-hadoop2.7/jars/avro-mapred-1.7.7-hadoop2.jar
7fc29241d000-7fc292433000 r--s 00124000 ca:01 261833                     /home/ubuntu/spark-2.1.1-bin-hadoop2.7/jars/ivy-2.4.0.jar
7fc292433000-7fc29243b000 r--s 00078000 ca:01 261805                     /home/ubuntu/spark-2.1.1-bin-hadoop2.7/jars/mail-1.4.7.jar
7fc29243b000-7fc292440000 r--s 0004e000 ca:01 261582                     /home/ubuntu/spark-2.1.1-bin-hadoop2.7/jars/datanucleus-api-jdo-3.2.6.jar
7fc292440000-7fc292518000 r--s 00a88000 ca:01 261543                     /home/ubuntu/spark-2.1.1-bin-hadoop2.7/jars/spark-core_2.11-2.1.1.jar
7fc292518000-7fc292530000 r--s 001b6000 ca:01 261569                     /home/ubuntu/spark-2.1.1-bin-hadoop2.7/jars/datanucleus-core-3.2.10.jar
7fc292530000-7fc292544000 r--s 000ec000 ca:01 261539                     /home/ubuntu/spark-2.1.1-bin-hadoop2.7/jars/parquet-jackson-1.8.1.jar
7fc292544000-7fc292546000 r--s 0000e000 ca:01 261785                     /home/ubuntu/spark-2.1.1-bin-hadoop2.7/jars/hadoop-mapreduce-client-jobclient-2.7.3.jar
7fc292546000-7fc292548000 r--s 0000e000 ca:01 261536                     /home/ubuntu/spark-2.1.1-bin-hadoop2.7/jars/oro-2.0.8.jar
7fc292548000-7fc29254a000 r--s 00003000 ca:01 261826                     /home/ubuntu/spark-2.1.1-bin-hadoop2.7/jars/JavaEWAH-0.3.2.jar
7fc29254a000-7fc29254c000 r--s 0000f000 ca:01 261757                     /home/ubuntu/spark-2.1.1-bin-hadoop2.7/jars/spark-launcher_2.11-2.1.1.jar
7fc29254c000-7fc29256e000 r--s 00335000 ca:01 261750                     /home/ubuntu/spark-2.1.1-bin-hadoop2.7/jars/mesos-1.0.0-shaded-protobuf.jar
7fc29256e000-7fc29256f000 r--s 00001000 ca:01 261610                     /home/ubuntu/spark-2.1.1-bin-hadoop2.7/jars/minlog-1.3.0.jar
7fc29256f000-7fc292572000 r--s 0001a000 ca:01 261834                     /home/ubuntu/spark-2.1.1-bin-hadoop2.7/jars/py4j-0.10.4.jar
7fc292572000-7fc292573000 r--s 00009000 ca:01 261601                     /home/ubuntu/spark-2.1.1-bin-hadoop2.7/jars/json4s-jackson_2.11-3.2.11.jar
7fc292573000-7fc292575000 r--s 0000d000 ca:01 261725                     /home/ubuntu/spark-2.1.1-bin-hadoop2.7/jars/hadoop-yarn-server-web-proxy-2.7.3.jar
7fc292575000-7fc2925d8000 r--s 004de000 ca:01 261719                     /home/ubuntu/spark-2.1.1-bin-hadoop2.7/jars/hive-metastore-1.2.1.spark2.jar
7fc2925d8000-7fc2925df000 r--s 00039000 ca:01 261727                     /home/ubuntu/spark-2.1.1-bin-hadoop2.7/jars/calcite-avatica-1.2.0-incubating.jar
7fc2925df000-7fc2925e6000 r--s 0003f000 ca:01 261603                     /home/ubuntu/spark-2.1.1-bin-hadoop2.7/jars/commons-codec-1.10.jar
7fc2925e6000-7fc2925e8000 r--s 00100000 ca:01 261842                     /home/ubuntu/spark-2.1.1-bin-hadoop2.7/jars/snappy-java-1.1.2.6.jar
7fc2925e8000-7fc2925ec000 r--s 00029000 ca:01 261591                     /home/ubuntu/spark-2.1.1-bin-hadoop2.7/jars/hk2-locator-2.4.0-b34.jar
7fc2925ec000-7fc2925ef000 r--s 0000d000 ca:01 261742                     /home/ubuntu/spark-2.1.1-bin-hadoop2.7/jars/spark-network-shuffle_2.11-2.1.1.jar
7fc2925ef000-7fc2925f0000 r--s 00006000 ca:01 261788                     /home/ubuntu/spark-2.1.1-bin-hadoop2.7/jars/jackson-xc-1.9.13.jar
7fc2925f0000-7fc292606000 r--s 000d1000 ca:01 261585                     /home/ubuntu/spark-2.1.1-bin-hadoop2.7/jars/parquet-column-1.8.1.jar
7fc292606000-7fc29262b000 rw-p 00000000 00:00 0 
7fc29262b000-7fc292737000 r--s 00dba000 ca:01 261859                     /home/ubuntu/spark-2.1.1-bin-hadoop2.7/jars/scala-compiler-2.11.8.jar
7fc292737000-7fc292738000 r--s 00002000 ca:01 261764                     /home/ubuntu/spark-2.1.1-bin-hadoop2.7/jars/jpam-1.1.jar
7fc292738000-7fc292747000 r--s 0009f000 ca:01 261734                     /home/ubuntu/spark-2.1.1-bin-hadoop2.7/jars/guice-3.0.jar
7fc292747000-7fc292760000 r--s 00150000 ca:01 261626                     /home/ubuntu/spark-2.1.1-bin-hadoop2.7/jars/htrace-core-3.1.0-incubating.jar
7fc292760000-7fc292776000 r--s 000d3000 ca:01 261625                     /home/ubuntu/spark-2.1.1-bin-hadoop2.7/jars/jersey-server-2.22.2.jar
7fc292776000-7fc292778000 r--s 00008000 ca:01 261581                     /home/ubuntu/spark-2.1.1-bin-hadoop2.7/jars/parquet-common-1.8.1.jar
7fc292778000-7fc29277a000 r--s 00002000 ca:01 261606                     /home/ubuntu/spark-2.1.1-bin-hadoop2.7/jars/aopalliance-repackaged-2.4.0-b34.jar
7fc29277a000-7fc29277e000 r--s 0003c000 ca:01 261854                     /home/ubuntu/spark-2.1.1-bin-hadoop2.7/jars/jackson-core-2.6.5.jar
7fc29277e000-7fc292789000 r--s 00062000 ca:01 261729                     /home/ubuntu/spark-2.1.1-bin-hadoop2.7/jars/calcite-linq4j-1.2.0-incubating.jar
7fc292789000-7fc2927bf000 r--s 0031c000 ca:01 261565                     /home/ubuntu/spark-2.1.1-bin-hadoop2.7/jars/hadoop-common-2.7.3.jar
7fc2927bf000-7fc2927c3000 r--s 0001a000 ca:01 261579                     /home/ubuntu/spark-2.1.1-bin-hadoop2.7/jars/hk2-utils-2.4.0-b34.jar
7fc2927c3000-7fc2927cf000 r--s 000b6000 ca:01 261831                     /home/ubuntu/spark-2.1.1-bin-hadoop2.7/jars/zookeeper-3.4.6.jar
7fc2927cf000-7fc2927d5000 r--s 00040000 ca:01 261709                     /home/ubuntu/spark-2.1.1-bin-hadoop2.7/jars/parquet-encoding-1.8.1.jar
7fc2927d5000-7fc2927da000 r--s 00036000 ca:01 261574                     /home/ubuntu/spark-2.1.1-bin-hadoop2.7/jars/commons-compress-1.4.1.jar
7fc2927da000-7fc292807000 r--s 001d4000 ca:01 261863                     /home/ubuntu/spark-2.1.1-bin-hadoop2.7/jars/spark-streaming_2.11-2.1.1.jar
7fc292807000-7fc29280a000 r--s 00022000 ca:01 261806                     /home/ubuntu/spark-2.1.1-bin-hadoop2.7/jars/stringtemplate-3.2.1.jar
7fc29280a000-7fc292811000 r--s 00036000 ca:01 261624                     /home/ubuntu/spark-2.1.1-bin-hadoop2.7/jars/curator-recipes-2.6.0.jar
7fc292811000-7fc292815000 r--s 00029000 ca:01 261548                     /home/ubuntu/spark-2.1.1-bin-hadoop2.7/jars/breeze-macros_2.11-0.12.jar
7fc292815000-7fc292819000 r--s 00036000 ca:01 261851                     /home/ubuntu/spark-2.1.1-bin-hadoop2.7/jars/ST4-4.0.4.jar
7fc292819000-7fc29281d000 r--s 00018000 ca:01 261584                     /home/ubuntu/spark-2.1.1-bin-hadoop2.7/jars/metrics-core-3.1.2.jar
7fc29281d000-7fc29282b000 r--s 000b1000 ca:01 261754                     /home/ubuntu/spark-2.1.1-bin-hadoop2.7/jars/jackson-mapper-asl-1.9.13.jar
7fc29282b000-7fc29283b000 r--s 000a0000 ca:01 261599                     /home/ubuntu/spark-2.1.1-bin-hadoop2.7/jars/spark-yarn_2.11-2.1.1.jar
7fc29283b000-7fc29283c000 r--s 00003000 ca:01 261590                     /home/ubuntu/spark-2.1.1-bin-hadoop2.7/jars/spark-tags_2.11-2.1.1.jar
7fc29283c000-7fc29284e000 r--s 00097000 ca:01 261804                     /home/ubuntu/spark-2.1.1-bin-hadoop2.7/jars/apacheds-kerberos-codec-2.0.0-M15.jar
7fc29284e000-7fc292851000 r--s 00017000 ca:01 261800                     /home/ubuntu/spark-2.1.1-bin-hadoop2.7/jars/jaxb-api-2.2.2.jar
7fc292851000-7fc292853000 r--s 00009000 ca:01 261848                     /home/ubuntu/spark-2.1.1-bin-hadoop2.7/jars/objenesis-2.1.jar
7fc292853000-7fc2928be000 r--s 00784000 ca:01 261535                     /home/ubuntu/spark-2.1.1-bin-hadoop2.7/jars/hadoop-hdfs-2.7.3.jar
7fc2928be000-7fc2928c0000 r--s 00010000 ca:01 261752                     /home/ubuntu/spark-2.1.1-bin-hadoop2.7/jars/jersey-media-jaxb-2.22.2.jar
7fc2928c0000-7fc2928cd000 r--s 00083000 ca:01 261598                     /home/ubuntu/spark-2.1.1-bin-hadoop2.7/jars/commons-collections-3.2.2.jar
7fc2928cd000-7fc2928d4000 r--s 00051000 ca:01 261542                     /home/ubuntu/spark-2.1.1-bin-hadoop2.7/jars/kryo-shaded-3.0.3.jar
7fc2928d4000-7fc29290b000 r--s 00325000 ca:01 261802                     /home/ubuntu/spark-2.1.1-bin-hadoop2.7/jars/calcite-core-1.2.0-incubating.jar
7fc29290b000-7fc29290e000 r--s 00012000 ca:01 261602                     /home/ubuntu/spark-2.1.1-bin-hadoop2.7/jars/json4s-ast_2.11-3.2.11.jar
7fc29290e000-7fc292910000 r--s 0000e000 ca:01 261794                     /home/ubuntu/spark-2.1.1-bin-hadoop2.7/jars/commons-logging-1.1.3.jar
7fc292910000-7fc2929b9000 r--s 00a4f000 ca:01 261801                     /home/ubuntu/spark-2.1.1-bin-hadoop2.7/jars/hive-exec-1.2.1.spark2.jar
7fc2929b9000-7fc2929ba000 r--s 0000b000 ca:01 261631                     /home/ubuntu/spark-2.1.1-bin-hadoop2.7/jars/snappy-0.2.jar
7fc2929ba000-7fc2929bd000 r--s 00028000 ca:01 261541                     /home/ubuntu/spark-2.1.1-bin-hadoop2.7/jars/stream-2.7.0.jar
7fc2929bd000-7fc2929f1000 r--s 00277000 ca:01 261592                     /home/ubuntu/spark-2.1.1-bin-hadoop2.7/jars/parquet-hadoop-bundle-1.6.0.jar
7fc2929f1000-7fc2929f5000 r--s 0000c000 ca:01 261617                     /home/ubuntu/spark-2.1.1-bin-hadoop2.7/jars/validation-api-1.1.0.Final.jar
7fc2929f5000-7fc292a1e000 r--s 001ee000 ca:01 261862                     /home/ubuntu/spark-2.1.1-bin-hadoop2.7/jars/guava-14.0.1.jar
7fc292a1e000-7fc292a2b000 r--s 00071000 ca:01 261832                     /home/ubuntu/spark-2.1.1-bin-hadoop2.7/jars/jackson-module-scala_2.11-2.6.5.jar
7fc292a2b000-7fc292a44000 r--s 00114000 ca:01 261577                     /home/ubuntu/spark-2.1.1-bin-hadoop2.7/jars/spark-hive_2.11-2.1.1.jar
7fc292a44000-7fc292a5c000 r--s 00115000 ca:01 261824                     /home/ubuntu/spark-2.1.1-bin-hadoop2.7/jars/netty-3.8.0.Final.jar
7fc292a5c000-7fc292ab5000 r--s 00522000 ca:01 261865                     /home/ubuntu/spark-2.1.1-bin-hadoop2.7/jars/scala-library-2.11.8.jar
7fc292ab5000-7fc292abc000 r--s 00049000 ca:01 261852                     /home/ubuntu/spark-2.1.1-bin-hadoop2.7/jars/univocity-parsers-2.2.1.jar
7fc292abc000-7fc292b08000 r--s 00411000 ca:01 261857                     /home/ubuntu/spark-2.1.1-bin-hadoop2.7/jars/scala-reflect-2.11.8.jar
7fc292b08000-7fc292b16000 r--s 0009d000 ca:01 261614                     /home/ubuntu/spark-2.1.1-bin-hadoop2.7/jars/jersey-common-2.22.2.jar
7fc292b16000-7fc292b20000 r--s 000aa000 ca:01 261762                     /home/ubuntu/spark-2.1.1-bin-hadoop2.7/jars/janino-3.0.0.jar
7fc292b20000-7fc292b21000 r--s 00008000 ca:01 261844                     /home/ubuntu/spark-2.1.1-bin-hadoop2.7/jars/commons-compiler-3.0.0.jar
7fc292b21000-7fc292b2a000 r--s 00097000 ca:01 261837                     /home/ubuntu/spark-2.1.1-bin-hadoop2.7/jars/pmml-model-1.2.15.jar
7fc292b2a000-7fc292b2c000 r--s 00005000 ca:01 261741                     /home/ubuntu/spark-2.1.1-bin-hadoop2.7/jars/stax-api-1.0.1.jar
7fc292b2c000-7fc292b30000 r--s 00035000 ca:01 261597                     /home/ubuntu/spark-2.1.1-bin-hadoop2.7/jars/jackson-core-asl-1.9.13.jar
7fc292b30000-7fc292b33000 r--s 00019000 ca:01 261530                     /home/ubuntu/spark-2.1.1-bin-hadoop2.7/jars/bonecp-0.8.0.RELEASE.jar
7fc292b33000-7fc292b35000 r--s 00038000 ca:01 261789                     /home/ubuntu/spark-2.1.1-bin-hadoop2.7/jars/lz4-1.3.0.jar
7fc292b35000-7fc292b4e000 r--s 00164000 ca:01 261738                     /home/ubuntu/spark-2.1.1-bin-hadoop2.7/jars/hadoop-mapreduce-client-core-2.7.3.jar
7fc292b4e000-7fc292b51000 r--s 00026000 ca:01 261792                     /home/ubuntu/spark-2.1.1-bin-hadoop2.7/jars/hadoop-yarn-client-2.7.3.jar
7fc292b51000-7fc292b53000 r--s 00017000 ca:01 261607                     /home/ubuntu/spark-2.1.1-bin-hadoop2.7/jars/hive-jdbc-1.2.1.spark2.jar
7fc292b53000-7fc292bd4000 r--s 005d9000 ca:01 261746                     /home/ubuntu/spark-2.1.1-bin-hadoop2.7/jars/spark-sql_2.11-2.1.1.jar
7fc292bd4000-7fc292bd5000 r--s 00006000 ca:01 261755                     /home/ubuntu/spark-2.1.1-bin-hadoop2.7/jars/hadoop-client-2.7.3.jar
7fc292bd5000-7fc292bdc000 r--s 00058000 ca:01 261609                     /home/ubuntu/spark-2.1.1-bin-hadoop2.7/jars/hadoop-yarn-server-common-2.7.3.jar
7fc292bdc000-7fc292bdd000 r--s 0000a000 ca:01 261616                     /home/ubuntu/spark-2.1.1-bin-hadoop2.7/jars/apacheds-i18n-2.0.0-M15.jar
7fc292bdd000-7fc292bde000 r--s 00000000 ca:01 261600                     /home/ubuntu/spark-2.1.1-bin-hadoop2.7/jars/javax.inject-1.jar
7fc292bde000-7fc292be4000 r--s 00045000 ca:01 261605                     /home/ubuntu/spark-2.1.1-bin-hadoop2.7/jars/commons-httpclient-3.1.jar
7fc292be4000-7fc292bf1000 r--s 000a7000 ca:01 261627                     /home/ubuntu/spark-2.1.1-bin-hadoop2.7/jars/httpclient-4.5.2.jar
7fc292bf1000-7fc292bf3000 r--s 0001f000 ca:01 261825                     /home/ubuntu/spark-2.1.1-bin-hadoop2.7/jars/commons-crypto-1.0.0.jar
7fc292bf3000-7fc292bf8000 r--s 0002a000 ca:01 261735                     /home/ubuntu/spark-2.1.1-bin-hadoop2.7/jars/gson-2.2.4.jar
7fc292bf8000-7fc292c38000 r--s 00277000 ca:01 261767                     /home/ubuntu/spark-2.1.1-bin-hadoop2.7/jars/bcprov-jdk15on-1.51.jar
7fc292c38000-7fc292c3b000 r--s 00016000 ca:01 261593                     /home/ubuntu/spark-2.1.1-bin-hadoop2.7/jars/jsp-api-2.1.jar
7fc292c3b000-7fc292c3c000 r--s 00001000 ca:01 261838                     /home/ubuntu/spark-2.1.1-bin-hadoop2.7/jars/javax.inject-2.4.0-b34.jar
7fc292c3c000-7fc292c3d000 r--s 00002000 ca:01 261586                     /home/ubuntu/spark-2.1.1-bin-hadoop2.7/jars/java-xmlbuilder-1.0.jar
7fc292c3d000-7fc292c3f000 r--s 00015000 ca:01 261547                     /home/ubuntu/spark-2.1.1-bin-hadoop2.7/jars/hadoop-auth-2.7.3.jar
7fc292c3f000-7fc292c43000 r--s 0002f000 ca:01 261795                     /home/ubuntu/spark-2.1.1-bin-hadoop2.7/jars/commons-beanutils-core-1.8.0.jar
7fc292c43000-7fc292c72000 r--s 002e5000 ca:01 261846                     /home/ubuntu/spark-2.1.1-bin-hadoop2.7/jars/derby-10.12.1.1.jar
7fc292c72000-7fc292c74000 r--s 00008000 ca:01 261544                     /home/ubuntu/spark-2.1.1-bin-hadoop2.7/jars/metrics-jvm-3.1.2.jar
7fc292c74000-7fc292c77000 r--s 00015000 ca:01 261723                     /home/ubuntu/spark-2.1.1-bin-hadoop2.7/jars/pyrolite-4.13.jar
7fc292c77000-7fc292c79000 r--s 0000e000 ca:01 261760                     /home/ubuntu/spark-2.1.1-bin-hadoop2.7/jars/spark-repl_2.11-2.1.1.jar
7fc292c79000-7fc292c82000 r--s 0006f000 ca:01 261724                     /home/ubuntu/spark-2.1.1-bin-hadoop2.7/jars/log4j-1.2.17.jar
7fc292c82000-7fc292c86000 r--s 00025000 ca:01 261850                     /home/ubuntu/spark-2.1.1-bin-hadoop2.7/jars/jersey-client-2.22.2.jar
7fc292c86000-7fc292c8d000 r--s 00058000 ca:01 261589                     /home/ubuntu/spark-2.1.1-bin-hadoop2.7/jars/parquet-format-2.3.0-incubating.jar
7fc292c8d000-7fc292c8f000 r--s 00003000 ca:01 261615                     /home/ubuntu/spark-2.1.1-bin-hadoop2.7/jars/api-asn1-api-1.0.0-M20.jar
7fc292c8f000-7fc292c99000 r--s 0007b000 ca:01 261847                     /home/ubuntu/spark-2.1.1-bin-hadoop2.7/jars/hadoop-mapreduce-client-app-2.7.3.jar
7fc292c99000-7fc292c9c000 r--s 0000e000 ca:01 261575                     /home/ubuntu/spark-2.1.1-bin-hadoop2.7/jars/jersey-container-servlet-core-2.22.2.jar
7fc292c9c000-7fc292ca0000 r--s 00025000 ca:01 261538                     /home/ubuntu/spark-2.1.1-bin-hadoop2.7/jars/antlr-runtime-3.4.jar
7fc292ca0000-7fc292cb1000 r--s 00089000 ca:01 261623                     /home/ubuntu/spark-2.1.1-bin-hadoop2.7/jars/joda-time-2.9.3.jar
7fc292cb1000-7fc292cb3000 r--s 00005000 ca:01 261743                     /home/ubuntu/spark-2.1.1-bin-hadoop2.7/jars/javax.annotation-api-1.2.jar
7fc292cb3000-7fc292cb8000 r--s 00032000 ca:01 261864                     /home/ubuntu/spark-2.1.1-bin-hadoop2.7/jars/chill_2.11-0.8.0.jar
7fc292cb8000-7fc292cc3000 r--s 0005d000 ca:01 261853                     /home/ubuntu/spark-2.1.1-bin-hadoop2.7/jars/scala-parser-combinators_2.11-1.0.4.jar
7fc292cc3000-7fc292cd5000 r--s 00112000 ca:01 261835                     /home/ubuntu/spark-2.1.1-bin-hadoop2.7/jars/arpack_combined_all-0.1.jar
7fc292cd5000-7fc292ced000 r--s 000d6000 ca:01 261571                     /home/ubuntu/spark-2.1.1-bin-hadoop2.7/jars/jersey-guava-2.22.2.jar
7fc292ced000-7fc292cf3000 r--s 0002c000 ca:01 261828                     /home/ubuntu/spark-2.1.1-bin-hadoop2.7/jars/jdo-api-3.0.1.jar
7fc292cf3000-7fc292cfa000 r--s 00046000 ca:01 261797                     /home/ubuntu/spark-2.1.1-bin-hadoop2.7/jars/libfb303-0.9.3.jar
7fc292cfa000-7fc292cfc000 r--s 00010000 ca:01 261622                     /home/ubuntu/spark-2.1.1-bin-hadoop2.7/jars/hadoop-mapreduce-client-shuffle-2.7.3.jar
7fc292cfc000-7fc292cfe000 r--s 00000000 ca:01 261836                     /home/ubuntu/spark-2.1.1-bin-hadoop2.7/jars/jul-to-slf4j-1.7.16.jar
7fc292cfe000-7fc292d01000 r--s 00014000 ca:01 261761                     /home/ubuntu/spark-2.1.1-bin-hadoop2.7/jars/super-csv-2.2.0.jar
7fc292d01000-7fc292d13000 r--s 000b3000 ca:01 261829                     /home/ubuntu/spark-2.1.1-bin-hadoop2.7/jars/scalap-2.11.8.jar
7fc292d13000-7fc292d15000 r--s 00003000 ca:01 261843                     /home/ubuntu/spark-2.1.1-bin-hadoop2.7/jars/base64-2.3.8.jar
7fc292d15000-7fc292d17000 r--s 00003000 ca:01 261570                     /home/ubuntu/spark-2.1.1-bin-hadoop2.7/jars/jersey-container-servlet-2.22.2.jar
7fc292d17000-7fc292d21000 r--s 000a5000 ca:01 261766                     /home/ubuntu/spark-2.1.1-bin-hadoop2.7/jars/javassist-3.18.1-GA.jar
7fc292d21000-7fc292d22000 r--s 00009000 ca:01 261534                     /home/ubuntu/spark-2.1.1-bin-hadoop2.7/jars/hadoop-annotations-2.7.3.jar
7fc292d22000-7fc292d3a000 r--s 00115000 ca:01 261537                     /home/ubuntu/spark-2.1.1-bin-hadoop2.7/jars/xercesImpl-2.9.1.jar
7fc292d3a000-7fc292d3b000 ---p 00000000 00:00 0 
7fc292d3b000-7fc292e3b000 rw-p 00000000 00:00 0 
7fc292e3b000-7fc292e3e000 ---p 00000000 00:00 0 
7fc292e3e000-7fc292f3c000 rw-p 00000000 00:00 0 
7fc292f3c000-7fc292f3f000 ---p 00000000 00:00 0 
7fc292f3f000-7fc29303d000 rw-p 00000000 00:00 0 
7fc29303d000-7fc293040000 ---p 00000000 00:00 0 
7fc293040000-7fc29313e000 rw-p 00000000 00:00 0 
7fc29313e000-7fc293141000 ---p 00000000 00:00 0 
7fc293141000-7fc29323f000 rw-p 00000000 00:00 0 
7fc29323f000-7fc2933d7000 r--p 00000000 ca:01 29052                      /usr/lib/locale/locale-archive
7fc2933d7000-7fc2933da000 ---p 00000000 00:00 0 
7fc2933da000-7fc2934d8000 rw-p 00000000 00:00 0 
7fc2934d8000-7fc2934db000 ---p 00000000 00:00 0 
7fc2934db000-7fc2935d9000 rw-p 00000000 00:00 0 
7fc2935d9000-7fc2935da000 ---p 00000000 00:00 0 
7fc2935da000-7fc2936da000 rw-p 00000000 00:00 0 
7fc2936da000-7fc2938a9000 r--s 03c32000 ca:01 256863                     /usr/lib/jvm/java-8-openjdk-amd64/jre/lib/rt.jar
7fc2938a9000-7fc2940a9000 rw-p 00000000 00:00 0 
7fc2940a9000-7fc2940bb000 rw-p 00000000 00:00 0 
7fc2940bb000-7fc2941ff000 ---p 00000000 00:00 0 
7fc2941ff000-7fc294208000 rw-p 00000000 00:00 0 
7fc294208000-7fc2942a9000 ---p 00000000 00:00 0 
7fc2942a9000-7fc2942bb000 rw-p 00000000 00:00 0 
7fc2942bb000-7fc2943ff000 ---p 00000000 00:00 0 
7fc2943ff000-7fc294447000 rw-p 00000000 00:00 0 
7fc294447000-7fc2947c0000 ---p 00000000 00:00 0 
7fc2947c0000-7fc295970000 rwxp 00000000 00:00 0 
7fc295970000-7fc2a37c0000 ---p 00000000 00:00 0 
7fc2a37c0000-7fc2a37c8000 r-xp 00000000 ca:01 256902                     /usr/lib/jvm/java-8-openjdk-amd64/jre/lib/amd64/libzip.so
7fc2a37c8000-7fc2a39c7000 ---p 00008000 ca:01 256902                     /usr/lib/jvm/java-8-openjdk-amd64/jre/lib/amd64/libzip.so
7fc2a39c7000-7fc2a39c8000 r--p 00007000 ca:01 256902                     /usr/lib/jvm/java-8-openjdk-amd64/jre/lib/amd64/libzip.so
7fc2a39c8000-7fc2a39c9000 rw-p 00008000 ca:01 256902                     /usr/lib/jvm/java-8-openjdk-amd64/jre/lib/amd64/libzip.so
7fc2a39c9000-7fc2a39d4000 r-xp 00000000 ca:01 1993                       /lib/x86_64-linux-gnu/libnss_files-2.23.so
7fc2a39d4000-7fc2a3bd3000 ---p 0000b000 ca:01 1993                       /lib/x86_64-linux-gnu/libnss_files-2.23.so
7fc2a3bd3000-7fc2a3bd4000 r--p 0000a000 ca:01 1993                       /lib/x86_64-linux-gnu/libnss_files-2.23.so
7fc2a3bd4000-7fc2a3bd5000 rw-p 0000b000 ca:01 1993                       /lib/x86_64-linux-gnu/libnss_files-2.23.so
7fc2a3bd5000-7fc2a3bdb000 rw-p 00000000 00:00 0 
7fc2a3bdb000-7fc2a3be6000 r-xp 00000000 ca:01 1997                       /lib/x86_64-linux-gnu/libnss_nis-2.23.so
7fc2a3be6000-7fc2a3de5000 ---p 0000b000 ca:01 1997                       /lib/x86_64-linux-gnu/libnss_nis-2.23.so
7fc2a3de5000-7fc2a3de6000 r--p 0000a000 ca:01 1997                       /lib/x86_64-linux-gnu/libnss_nis-2.23.so
7fc2a3de6000-7fc2a3de7000 rw-p 0000b000 ca:01 1997                       /lib/x86_64-linux-gnu/libnss_nis-2.23.so
7fc2a3de7000-7fc2a3dfd000 r-xp 00000000 ca:01 1977                       /lib/x86_64-linux-gnu/libnsl-2.23.so
7fc2a3dfd000-7fc2a3ffc000 ---p 00016000 ca:01 1977                       /lib/x86_64-linux-gnu/libnsl-2.23.so
7fc2a3ffc000-7fc2a3ffd000 r--p 00015000 ca:01 1977                       /lib/x86_64-linux-gnu/libnsl-2.23.so
7fc2a3ffd000-7fc2a3ffe000 rw-p 00016000 ca:01 1977                       /lib/x86_64-linux-gnu/libnsl-2.23.so
7fc2a3ffe000-7fc2a4000000 rw-p 00000000 00:00 0 
7fc2a4000000-7fc2a4df9000 rw-p 00000000 00:00 0 
7fc2a4df9000-7fc2a8000000 ---p 00000000 00:00 0 
7fc2a8000000-7fc2a8003000 r--s 00021000 ca:01 261596                     /home/ubuntu/spark-2.1.1-bin-hadoop2.7/jars/xbean-asm5-shaded-4.4.jar
7fc2a8003000-7fc2a8006000 r--s 00025000 ca:01 261618                     /home/ubuntu/spark-2.1.1-bin-hadoop2.7/jars/commons-dbcp-1.4.jar
7fc2a8006000-7fc2a802d000 r--s 0020f000 ca:01 261726                     /home/ubuntu/spark-2.1.1-bin-hadoop2.7/jars/netty-all-4.0.42.Final.jar
7fc2a802d000-7fc2a8030000 r--s 00015000 ca:01 261620                     /home/ubuntu/spark-2.1.1-bin-hadoop2.7/jars/commons-pool-1.5.4.jar
7fc2a8030000-7fc2a8085000 r--s 0069c000 ca:01 261595                     /home/ubuntu/spark-2.1.1-bin-hadoop2.7/jars/spire_2.11-0.7.4.jar
7fc2a8085000-7fc2a8087000 r--s 00004000 ca:01 261787                     /home/ubuntu/spark-2.1.1-bin-hadoop2.7/jars/metrics-graphite-3.1.2.jar
7fc2a8087000-7fc2a8088000 r--s 00003000 ca:01 261827                     /home/ubuntu/spark-2.1.1-bin-hadoop2.7/jars/metrics-json-3.1.2.jar
7fc2a8088000-7fc2a808d000 r--s 00027000 ca:01 261861                     /home/ubuntu/spark-2.1.1-bin-hadoop2.7/jars/hk2-api-2.4.0-b34.jar
7fc2a808d000-7fc2a8093000 r--s 00034000 ca:01 261799                     /home/ubuntu/spark-2.1.1-bin-hadoop2.7/jars/libthrift-0.9.3.jar
7fc2a8093000-7fc2a80ae000 r--s 001d6000 ca:01 256870                     /usr/lib/jvm/java-8-openjdk-amd64/jre/lib/ext/nashorn.jar
7fc2a80ae000-7fc2a80c9000 r--s 00394000 ca:01 256871                     /usr/lib/jvm/java-8-openjdk-amd64/jre/lib/ext/cldrdata.jar
7fc2a80c9000-7fc2a813f000 rw-p 00000000 00:00 0 
7fc2a813f000-7fc2a8147000 r-xp 00000000 ca:01 1988                       /lib/x86_64-linux-gnu/libnss_compat-2.23.so
7fc2a8147000-7fc2a8346000 ---p 00008000 ca:01 1988                       /lib/x86_64-linux-gnu/libnss_compat-2.23.so
7fc2a8346000-7fc2a8347000 r--p 00007000 ca:01 1988                       /lib/x86_64-linux-gnu/libnss_compat-2.23.so
7fc2a8347000-7fc2a8348000 rw-p 00008000 ca:01 1988                       /lib/x86_64-linux-gnu/libnss_compat-2.23.so
7fc2a8348000-7fc2a8375000 r-xp 00000000 ca:01 256919                     /usr/lib/jvm/java-8-openjdk-amd64/jre/lib/amd64/libjava.so
7fc2a8375000-7fc2a8574000 ---p 0002d000 ca:01 256919                     /usr/lib/jvm/java-8-openjdk-amd64/jre/lib/amd64/libjava.so
7fc2a8574000-7fc2a8575000 r--p 0002c000 ca:01 256919                     /usr/lib/jvm/java-8-openjdk-amd64/jre/lib/amd64/libjava.so
7fc2a8575000-7fc2a8577000 rw-p 0002d000 ca:01 256919                     /usr/lib/jvm/java-8-openjdk-amd64/jre/lib/amd64/libjava.so
7fc2a8577000-7fc2a8586000 r-xp 00000000 ca:01 256907                     /usr/lib/jvm/java-8-openjdk-amd64/jre/lib/amd64/libverify.so
7fc2a8586000-7fc2a8785000 ---p 0000f000 ca:01 256907                     /usr/lib/jvm/java-8-openjdk-amd64/jre/lib/amd64/libverify.so
7fc2a8785000-7fc2a8787000 r--p 0000e000 ca:01 256907                     /usr/lib/jvm/java-8-openjdk-amd64/jre/lib/amd64/libverify.so
7fc2a8787000-7fc2a8788000 rw-p 00010000 ca:01 256907                     /usr/lib/jvm/java-8-openjdk-amd64/jre/lib/amd64/libverify.so
7fc2a8788000-7fc2a878f000 r-xp 00000000 ca:01 1998                       /lib/x86_64-linux-gnu/librt-2.23.so
7fc2a878f000-7fc2a898e000 ---p 00007000 ca:01 1998                       /lib/x86_64-linux-gnu/librt-2.23.so
7fc2a898e000-7fc2a898f000 r--p 00006000 ca:01 1998                       /lib/x86_64-linux-gnu/librt-2.23.so
7fc2a898f000-7fc2a8990000 rw-p 00007000 ca:01 1998                       /lib/x86_64-linux-gnu/librt-2.23.so
7fc2a8990000-7fc2a89a6000 r-xp 00000000 ca:01 1975                       /lib/x86_64-linux-gnu/libgcc_s.so.1
7fc2a89a6000-7fc2a8ba5000 ---p 00016000 ca:01 1975                       /lib/x86_64-linux-gnu/libgcc_s.so.1
7fc2a8ba5000-7fc2a8ba6000 rw-p 00015000 ca:01 1975                       /lib/x86_64-linux-gnu/libgcc_s.so.1
7fc2a8ba6000-7fc2a8cae000 r-xp 00000000 ca:01 1976                       /lib/x86_64-linux-gnu/libm-2.23.so
7fc2a8cae000-7fc2a8ead000 ---p 00108000 ca:01 1976                       /lib/x86_64-linux-gnu/libm-2.23.so
7fc2a8ead000-7fc2a8eae000 r--p 00107000 ca:01 1976                       /lib/x86_64-linux-gnu/libm-2.23.so
7fc2a8eae000-7fc2a8eaf000 rw-p 00108000 ca:01 1976                       /lib/x86_64-linux-gnu/libm-2.23.so
7fc2a8eaf000-7fc2a9021000 r-xp 00000000 ca:01 7979                       /usr/lib/x86_64-linux-gnu/libstdc++.so.6.0.21
7fc2a9021000-7fc2a9221000 ---p 00172000 ca:01 7979                       /usr/lib/x86_64-linux-gnu/libstdc++.so.6.0.21
7fc2a9221000-7fc2a922b000 r--p 00172000 ca:01 7979                       /usr/lib/x86_64-linux-gnu/libstdc++.so.6.0.21
7fc2a922b000-7fc2a922d000 rw-p 0017c000 ca:01 7979                       /usr/lib/x86_64-linux-gnu/libstdc++.so.6.0.21
7fc2a922d000-7fc2a9231000 rw-p 00000000 00:00 0 
7fc2a9231000-7fc2a9e8e000 r-xp 00000000 ca:01 256884                     /usr/lib/jvm/java-8-openjdk-amd64/jre/lib/amd64/server/libjvm.so
7fc2a9e8e000-7fc2aa08e000 ---p 00c5d000 ca:01 256884                     /usr/lib/jvm/java-8-openjdk-amd64/jre/lib/amd64/server/libjvm.so
7fc2aa08e000-7fc2aa122000 r--p 00c5d000 ca:01 256884                     /usr/lib/jvm/java-8-openjdk-amd64/jre/lib/amd64/server/libjvm.so
7fc2aa122000-7fc2aa14b000 rw-p 00cf1000 ca:01 256884                     /usr/lib/jvm/java-8-openjdk-amd64/jre/lib/amd64/server/libjvm.so
7fc2aa14b000-7fc2aa17b000 rw-p 00000000 00:00 0 
7fc2aa17b000-7fc2aa193000 r-xp 00000000 ca:01 1979                       /lib/x86_64-linux-gnu/libpthread-2.23.so
7fc2aa193000-7fc2aa392000 ---p 00018000 ca:01 1979                       /lib/x86_64-linux-gnu/libpthread-2.23.so
7fc2aa392000-7fc2aa393000 r--p 00017000 ca:01 1979                       /lib/x86_64-linux-gnu/libpthread-2.23.so
7fc2aa393000-7fc2aa394000 rw-p 00018000 ca:01 1979                       /lib/x86_64-linux-gnu/libpthread-2.23.so
7fc2aa394000-7fc2aa398000 rw-p 00000000 00:00 0 
7fc2aa398000-7fc2aa39b000 r-xp 00000000 ca:01 1982                       /lib/x86_64-linux-gnu/libdl-2.23.so
7fc2aa39b000-7fc2aa59a000 ---p 00003000 ca:01 1982                       /lib/x86_64-linux-gnu/libdl-2.23.so
7fc2aa59a000-7fc2aa59b000 r--p 00002000 ca:01 1982                       /lib/x86_64-linux-gnu/libdl-2.23.so
7fc2aa59b000-7fc2aa59c000 rw-p 00003000 ca:01 1982                       /lib/x86_64-linux-gnu/libdl-2.23.so
7fc2aa59c000-7fc2aa5b5000 r-xp 00000000 ca:01 2129                       /lib/x86_64-linux-gnu/libz.so.1.2.8
7fc2aa5b5000-7fc2aa7b4000 ---p 00019000 ca:01 2129                       /lib/x86_64-linux-gnu/libz.so.1.2.8
7fc2aa7b4000-7fc2aa7b5000 r--p 00018000 ca:01 2129                       /lib/x86_64-linux-gnu/libz.so.1.2.8
7fc2aa7b5000-7fc2aa7b6000 rw-p 00019000 ca:01 2129                       /lib/x86_64-linux-gnu/libz.so.1.2.8
7fc2aa7b6000-7fc2aa976000 r-xp 00000000 ca:01 1980                       /lib/x86_64-linux-gnu/libc-2.23.so
7fc2aa976000-7fc2aab76000 ---p 001c0000 ca:01 1980                       /lib/x86_64-linux-gnu/libc-2.23.so
7fc2aab76000-7fc2aab7a000 r--p 001c0000 ca:01 1980                       /lib/x86_64-linux-gnu/libc-2.23.so
7fc2aab7a000-7fc2aab7c000 rw-p 001c4000 ca:01 1980                       /lib/x86_64-linux-gnu/libc-2.23.so
7fc2aab7c000-7fc2aab80000 rw-p 00000000 00:00 0 
7fc2aab80000-7fc2aab8d000 r-xp 00000000 ca:01 256904                     /usr/lib/jvm/java-8-openjdk-amd64/jre/lib/amd64/jli/libjli.so
7fc2aab8d000-7fc2aad8d000 ---p 0000d000 ca:01 256904                     /usr/lib/jvm/java-8-openjdk-amd64/jre/lib/amd64/jli/libjli.so
7fc2aad8d000-7fc2aad8e000 r--p 0000d000 ca:01 256904                     /usr/lib/jvm/java-8-openjdk-amd64/jre/lib/amd64/jli/libjli.so
7fc2aad8e000-7fc2aad8f000 rw-p 0000e000 ca:01 256904                     /usr/lib/jvm/java-8-openjdk-amd64/jre/lib/amd64/jli/libjli.so
7fc2aad8f000-7fc2aadb5000 r-xp 00000000 ca:01 1978                       /lib/x86_64-linux-gnu/ld-2.23.so
7fc2aadb5000-7fc2aadb7000 r--s 0000f000 ca:01 261715                     /home/ubuntu/spark-2.1.1-bin-hadoop2.7/jars/curator-client-2.6.0.jar
7fc2aadb7000-7fc2aadba000 r--s 0000f000 ca:01 256869                     /usr/lib/jvm/java-8-openjdk-amd64/jre/lib/ext/icedtea-sound.jar
7fc2aadba000-7fc2aadbd000 r--s 00038000 ca:01 256872                     /usr/lib/jvm/java-8-openjdk-amd64/jre/lib/ext/sunpkcs11.jar
7fc2aadbd000-7fc2aadc3000 r--s 0003b000 ca:01 256877                     /usr/lib/jvm/java-8-openjdk-amd64/jre/lib/ext/sunjce_provider.jar
7fc2aadc3000-7fc2aadcd000 r--s 00116000 ca:01 256876                     /usr/lib/jvm/java-8-openjdk-amd64/jre/lib/ext/localedata.jar
7fc2aadcd000-7fc2aae9e000 rw-p 00000000 00:00 0 
7fc2aae9e000-7fc2aaea6000 rw-s 00000000 ca:01 292891                     /tmp/hsperfdata_ubuntu/24009
7fc2aaea6000-7fc2aaea9000 ---p 00000000 00:00 0 
7fc2aaea9000-7fc2aafab000 rw-p 00000000 00:00 0 
7fc2aafab000-7fc2aafac000 r--s 00010000 ca:01 256874                     /usr/lib/jvm/java-8-openjdk-amd64/jre/lib/ext/zipfs.jar
7fc2aafac000-7fc2aafad000 r--s 0000a000 ca:01 256879                     /usr/lib/jvm/java-8-openjdk-amd64/jre/lib/ext/jaccess.jar
7fc2aafad000-7fc2aafaf000 r--s 00001000 ca:01 256873                     /usr/lib/jvm/java-8-openjdk-amd64/jre/lib/ext/dnsns.jar
7fc2aafaf000-7fc2aafb1000 r--s 00008000 ca:01 256878                     /usr/lib/jvm/java-8-openjdk-amd64/jre/lib/ext/sunec.jar
7fc2aafb1000-7fc2aafb2000 rw-p 00000000 00:00 0 
7fc2aafb2000-7fc2aafb3000 ---p 00000000 00:00 0 
7fc2aafb3000-7fc2aafb4000 rw-p 00000000 00:00 0 
7fc2aafb4000-7fc2aafb5000 r--p 00025000 ca:01 1978                       /lib/x86_64-linux-gnu/ld-2.23.so
7fc2aafb5000-7fc2aafb6000 rw-p 00026000 ca:01 1978                       /lib/x86_64-linux-gnu/ld-2.23.so
7fc2aafb6000-7fc2aafb7000 rw-p 00000000 00:00 0 
7fff5c22c000-7fff5c24d000 rw-p 00000000 00:00 0                          [stack]
7fff5c325000-7fff5c328000 r--p 00000000 00:00 0                          [vvar]
7fff5c328000-7fff5c32a000 r-xp 00000000 00:00 0                          [vdso]
ffffffffff600000-ffffffffff601000 r-xp 00000000 00:00 0                  [vsyscall]

VM Arguments:
jvm_args: -Xmx1g 
java_command: org.apache.spark.deploy.SparkSubmit --conf spark.app.name=basics pyspark-shell
java_class_path (initial): /home/ubuntu/spark-2.1.1-bin-hadoop2.7/conf/:/home/ubuntu/spark-2.1.1-bin-hadoop2.7/jars/libthrift-0.9.3.jar:/home/ubuntu/spark-2.1.1-bin-hadoop2.7/jars/curator-client-2.6.0.jar:/home/ubuntu/spark-2.1.1-bin-hadoop2.7/jars/hk2-api-2.4.0-b34.jar:/home/ubuntu/spark-2.1.1-bin-hadoop2.7/jars/metrics-json-3.1.2.jar:/home/ubuntu/spark-2.1.1-bin-hadoop2.7/jars/metrics-graphite-3.1.2.jar:/home/ubuntu/spark-2.1.1-bin-hadoop2.7/jars/spire_2.11-0.7.4.jar:/home/ubuntu/spark-2.1.1-bin-hadoop2.7/jars/commons-pool-1.5.4.jar:/home/ubuntu/spark-2.1.1-bin-hadoop2.7/jars/netty-all-4.0.42.Final.jar:/home/ubuntu/spark-2.1.1-bin-hadoop2.7/jars/commons-dbcp-1.4.jar:/home/ubuntu/spark-2.1.1-bin-hadoop2.7/jars/xbean-asm5-shaded-4.4.jar:/home/ubuntu/spark-2.1.1-bin-hadoop2.7/jars/xercesImpl-2.9.1.jar:/home/ubuntu/spark-2.1.1-bin-hadoop2.7/jars/hadoop-annotations-2.7.3.jar:/home/ubuntu/spark-2.1.1-bin-hadoop2.7/jars/javassist-3.18.1-GA.jar:/home/ubuntu/spark-2.1.1-bin-hadoop2.7/jars/jersey-container-servlet-2.22.2.jar:/home/ubuntu/spark-2.1.1-bin-hadoop2.7/jars/base64-2.3.8.jar:/home/ubuntu/spark-2.1.1-bin-hadoop2.7/jars/scalap-2.11.8.jar:/home/ubuntu/spark-2.1.1-bin-hadoop2.7/jars/super-csv-2.2.0.jar:/home/ubuntu/spark-2.1.1-bin-hadoop2.7/jars/jul-to-slf4j-1.7.16.jar:/home/ubuntu/spark-2.1.1-bin-hadoop2.7/jars/hadoop-mapreduce-client-shuffle-2.7.3.jar:/home/ubuntu/spark-2.1.1-bin-hadoop2.7/jars/libfb303-0.9.3.jar:/home/ubuntu/spark-2.1.1-bin-hadoop2.7/jars/jdo-api-3.0.1.jar:/home/ubuntu/spark-2.1.1-bin-hadoop2.7/jars/jersey-guava-2.22.2.jar:/home/ubuntu/spark-2.1.1-bin-hadoop2.7/jars/arpack_combined_all-0.1.jar:/home/ubuntu/spark-2.1.1-bin-hadoop2.7/jars/scala-parser-combinators_2.11-1.0.4.jar:/home/ubuntu/spark-2.1.1-bin-hadoop2.7/jars/chill_2.11-0.8.0.jar:/home/ubuntu/spark-2.1.1-bin-hadoop2.7/jars/javax.annotation-api-1.2.jar:/home/ubuntu/spark-2.1.1-bin-hadoop2.7/jars/joda-time-2.9.3.jar:/home/ubuntu/spark-2.1.1-bin-hadoop2.7/jars/antlr-runtime-3.4.jar:/home/u
Launcher Type: SUN_STANDARD

Environment Variables:
PATH=/home/ubuntu/.local/bin:/home/ubuntu/bin:/home/ubuntu/.local/bin:/usr/local/sbin:/usr/local/bin:/usr/sbin:/usr/bin:/sbin:/bin:/usr/games:/usr/local/games:/snap/bin
SHELL=/bin/bash

Signal Handlers:
SIGSEGV: [libjvm.so+0xa71a30], sa_mask[0]=11111111011111111101111111111110, sa_flags=SA_RESTART|SA_SIGINFO
SIGBUS: [libjvm.so+0xa71a30], sa_mask[0]=11111111011111111101111111111110, sa_flags=SA_RESTART|SA_SIGINFO
SIGFPE: [libjvm.so+0x8b8f40], sa_mask[0]=11111111011111111101111111111110, sa_flags=SA_RESTART|SA_SIGINFO
SIGPIPE: [libjvm.so+0x8b8f40], sa_mask[0]=11111111011111111101111111111110, sa_flags=SA_RESTART|SA_SIGINFO
SIGXFSZ: [libjvm.so+0x8b8f40], sa_mask[0]=11111111011111111101111111111110, sa_flags=SA_RESTART|SA_SIGINFO
SIGILL: [libjvm.so+0x8b8f40], sa_mask[0]=11111111011111111101111111111110, sa_flags=SA_RESTART|SA_SIGINFO
SIGUSR1: SIG_DFL, sa_mask[0]=00000000000000000000000000000000, sa_flags=none
SIGUSR2: [libjvm.so+0x8b8df0], sa_mask[0]=00000000000000000000000000000000, sa_flags=SA_RESTART|SA_SIGINFO
SIGHUP: [libjvm.so+0x8b92c0], sa_mask[0]=11111111011111111101111111111110, sa_flags=SA_RESTART|SA_SIGINFO
SIGINT: SIG_IGN, sa_mask[0]=00000000000000000000000000000000, sa_flags=none
SIGTERM: [libjvm.so+0x8b92c0], sa_mask[0]=11111111011111111101111111111110, sa_flags=SA_RESTART|SA_SIGINFO
SIGQUIT: [libjvm.so+0x8b92c0], sa_mask[0]=11111111011111111101111111111110, sa_flags=SA_RESTART|SA_SIGINFO


---------------  S Y S T E M  ---------------

OS:DISTRIB_ID=Ubuntu
DISTRIB_RELEASE=16.04
DISTRIB_CODENAME=xenial
DISTRIB_DESCRIPTION="Ubuntu 16.04.4 LTS"

uname:Linux 4.4.0-1065-aws #75-Ubuntu SMP Fri Aug 10 11:14:32 UTC 2018 x86_64
libc:glibc 2.23 NPTL 2.23 
rlimit: STACK 8192k, CORE 0k, NPROC 3900, NOFILE 1048576, AS infinity
load average:0.32 0.10 0.53

/proc/meminfo:
MemTotal:        1014500 kB
MemFree:           65648 kB
MemAvailable:       7732 kB
Buffers:             292 kB
Cached:            20288 kB
SwapCached:            0 kB
Active:           866236 kB
Inactive:          16980 kB
Active(anon):     865468 kB
Inactive(anon):    10348 kB
Active(file):        768 kB
Inactive(file):     6632 kB
Unevictable:        3652 kB
Mlocked:            3652 kB
SwapTotal:             0 kB
SwapFree:              0 kB
Dirty:                96 kB
Writeback:             0 kB
AnonPages:        866336 kB
Mapped:             7452 kB
Shmem:             10708 kB
Slab:              36716 kB
SReclaimable:      19592 kB
SUnreclaim:        17124 kB
KernelStack:        4752 kB
PageTables:         6916 kB
NFS_Unstable:          0 kB
Bounce:                0 kB
WritebackTmp:          0 kB
CommitLimit:      507248 kB
Committed_AS:    1620216 kB
VmallocTotal:   34359738367 kB
VmallocUsed:           0 kB
VmallocChunk:          0 kB
HardwareCorrupted:     0 kB
AnonHugePages:    294912 kB
CmaTotal:              0 kB
CmaFree:               0 kB
HugePages_Total:       0
HugePages_Free:        0
HugePages_Rsvd:        0
HugePages_Surp:        0
Hugepagesize:       2048 kB
DirectMap4k:       51200 kB
DirectMap2M:      997376 kB


CPU:total 1 (initial active 1) (1 cores per cpu, 1 threads per core) family 6 model 63 stepping 2, cmov, cx8, fxsr, mmx, sse, sse2, sse3, ssse3, sse4.1, sse4.2, popcnt, avx, avx2, aes, clmul, erms, lzcnt, tsc, bmi1, bmi2

/proc/cpuinfo:
processor	: 0
vendor_id	: GenuineIntel
cpu family	: 6
model		: 63
model name	: Intel(R) Xeon(R) CPU E5-2676 v3 @ 2.40GHz
stepping	: 2
microcode	: 0x3c
cpu MHz		: 2400.050
cache size	: 30720 KB
physical id	: 0
siblings	: 1
core id		: 0
cpu cores	: 1
apicid		: 0
initial apicid	: 0
fpu		: yes
fpu_exception	: yes
cpuid level	: 13
wp		: yes
flags		: fpu vme de pse tsc msr pae mce cx8 apic sep mtrr pge mca cmov pat pse36 clflush mmx fxsr sse sse2 ht syscall nx rdtscp lm constant_tsc rep_good nopl xtopology eagerfpu pni pclmulqdq ssse3 fma cx16 pcid sse4_1 sse4_2 x2apic movbe popcnt tsc_deadline_timer aes xsave avx f16c rdrand hypervisor lahf_lm abm invpcid_single kaiser fsgsbase bmi1 avx2 smep bmi2 erms invpcid xsaveopt
bugs		: cpu_meltdown spectre_v1 spectre_v2 spec_store_bypass l1tf
bogomips	: 4800.10
clflush size	: 64
cache_alignment	: 64
address sizes	: 46 bits physical, 48 bits virtual
power management:



Memory: 4k page, physical 1014500k(65648k free), swap 0k(0k free)

vm_info: OpenJDK 64-Bit Server VM (25.181-b13) for linux-amd64 JRE (1.8.0_181-8u181-b13-0ubuntu0.16.04.1-b13), built on Jul 30 2018 21:06:27 by "buildd" with gcc 5.4.0 20160609

time: Sun Oct 14 05:36:29 2018
elapsed time: 24 seconds (0d 0h 0m 24s)

